{"C:\\Users\\Asma\\Desktop\\software\\Project\\soundcloud-team8-frontend\\src\\setUpTests.ts": {"path":"C:\\Users\\Asma\\Desktop\\software\\Project\\soundcloud-team8-frontend\\src\\setUpTests.ts","statementMap":{},"fnMap":{},"branchMap":{},"s":{},"f":{},"b":{},"meta":{"lastBranch":0,"lastFunction":0,"lastStatement":0,"seen":{}}}
,"C:\\Users\\Asma\\Desktop\\software\\Project\\soundcloud-team8-frontend\\src\\features\\auth\\components\\AuthNavbar.tsx": {"path":"C:\\Users\\Asma\\Desktop\\software\\Project\\soundcloud-team8-frontend\\src\\features\\auth\\components\\AuthNavbar.tsx","statementMap":{"0":{"start":{"line":5,"column":29},"end":{"line":43,"column":null}},"1":{"start":{"line":6,"column":2},"end":{"line":43,"column":null}}},"fnMap":{"0":{"name":"(anonymous_0)","decl":{"start":{"line":5,"column":29},"end":{"line":5,"column":null}},"loc":{"start":{"line":6,"column":2},"end":{"line":43,"column":null}},"line":6}},"branchMap":{},"s":{"0":4,"1":887},"f":{"0":887},"b":{},"meta":{"lastBranch":0,"lastFunction":1,"lastStatement":2,"seen":{"s:5:29:43:Infinity":0,"f:5:29:5:Infinity":0,"s:6:2:43:Infinity":1}}}
,"C:\\Users\\Asma\\Desktop\\software\\Project\\soundcloud-team8-frontend\\src\\features\\auth\\data\\mockUsers.ts": {"path":"C:\\Users\\Asma\\Desktop\\software\\Project\\soundcloud-team8-frontend\\src\\features\\auth\\data\\mockUsers.ts","statementMap":{"0":{"start":{"line":10,"column":38},"end":{"line":51,"column":null}},"1":{"start":{"line":53,"column":31},"end":{"line":54,"column":null}},"2":{"start":{"line":54,"column":2},"end":{"line":54,"column":null}},"3":{"start":{"line":54,"column":25},"end":{"line":54,"column":70}},"4":{"start":{"line":56,"column":28},"end":{"line":57,"column":null}},"5":{"start":{"line":57,"column":2},"end":{"line":57,"column":null}},"6":{"start":{"line":59,"column":34},"end":{"line":60,"column":null}},"7":{"start":{"line":60,"column":2},"end":{"line":60,"column":null}},"8":{"start":{"line":60,"column":25},"end":{"line":60,"column":75}}},"fnMap":{"0":{"name":"(anonymous_0)","decl":{"start":{"line":53,"column":31},"end":{"line":53,"column":32}},"loc":{"start":{"line":54,"column":2},"end":{"line":54,"column":null}},"line":54},"1":{"name":"(anonymous_1)","decl":{"start":{"line":54,"column":18},"end":{"line":54,"column":19}},"loc":{"start":{"line":54,"column":25},"end":{"line":54,"column":70}},"line":54},"2":{"name":"(anonymous_2)","decl":{"start":{"line":56,"column":28},"end":{"line":56,"column":29}},"loc":{"start":{"line":57,"column":2},"end":{"line":57,"column":null}},"line":57},"3":{"name":"(anonymous_3)","decl":{"start":{"line":59,"column":34},"end":{"line":59,"column":35}},"loc":{"start":{"line":60,"column":2},"end":{"line":60,"column":null}},"line":60},"4":{"name":"(anonymous_4)","decl":{"start":{"line":60,"column":18},"end":{"line":60,"column":19}},"loc":{"start":{"line":60,"column":25},"end":{"line":60,"column":75}},"line":60}},"branchMap":{},"s":{"0":1,"1":1,"2":22,"3":62,"4":1,"5":11,"6":1,"7":10,"8":28},"f":{"0":22,"1":62,"2":11,"3":10,"4":28},"b":{},"meta":{"lastBranch":0,"lastFunction":5,"lastStatement":9,"seen":{"s:10:38:51:Infinity":0,"s:53:31:54:Infinity":1,"f:53:31:53:32":0,"s:54:2:54:Infinity":2,"f:54:18:54:19":1,"s:54:25:54:70":3,"s:56:28:57:Infinity":4,"f:56:28:56:29":2,"s:57:2:57:Infinity":5,"s:59:34:60:Infinity":6,"f:59:34:59:35":3,"s:60:2:60:Infinity":7,"f:60:18:60:19":4,"s:60:25:60:75":8}}}
,"C:\\Users\\Asma\\Desktop\\software\\Project\\soundcloud-team8-frontend\\src\\features\\auth\\hooks\\useAuth.ts": {"path":"C:\\Users\\Asma\\Desktop\\software\\Project\\soundcloud-team8-frontend\\src\\features\\auth\\hooks\\useAuth.ts","statementMap":{"0":{"start":{"line":1,"column":47},"end":{"line":15,"column":null}},"1":{"start":{"line":29,"column":35},"end":{"line":48,"column":null}},"2":{"start":{"line":30,"column":2},"end":{"line":46,"column":null}},"3":{"start":{"line":38,"column":18},"end":{"line":38,"column":null}},"4":{"start":{"line":39,"column":17},"end":{"line":39,"column":null}},"5":{"start":{"line":40,"column":4},"end":{"line":42,"column":null}},"6":{"start":{"line":41,"column":6},"end":{"line":41,"column":null}},"7":{"start":{"line":43,"column":4},"end":{"line":45,"column":null}},"8":{"start":{"line":44,"column":6},"end":{"line":44,"column":null}},"9":{"start":{"line":47,"column":2},"end":{"line":47,"column":null}}},"fnMap":{"0":{"name":"(anonymous_0)","decl":{"start":{"line":29,"column":35},"end":{"line":29,"column":36}},"loc":{"start":{"line":29,"column":63},"end":{"line":48,"column":null}},"line":29}},"branchMap":{"0":{"loc":{"start":{"line":30,"column":2},"end":{"line":46,"column":null}},"type":"if","locations":[{"start":{"line":30,"column":2},"end":{"line":46,"column":null}},{"start":{},"end":{}}],"line":30},"1":{"loc":{"start":{"line":31,"column":4},"end":{"line":36,"column":null}},"type":"binary-expr","locations":[{"start":{"line":31,"column":4},"end":{"line":31,"column":null}},{"start":{"line":32,"column":4},"end":{"line":32,"column":null}},{"start":{"line":33,"column":4},"end":{"line":33,"column":null}},{"start":{"line":34,"column":4},"end":{"line":34,"column":null}},{"start":{"line":35,"column":4},"end":{"line":35,"column":null}},{"start":{"line":36,"column":4},"end":{"line":36,"column":null}}],"line":31},"2":{"loc":{"start":{"line":40,"column":4},"end":{"line":42,"column":null}},"type":"if","locations":[{"start":{"line":40,"column":4},"end":{"line":42,"column":null}},{"start":{},"end":{}}],"line":40},"3":{"loc":{"start":{"line":40,"column":8},"end":{"line":40,"column":38}},"type":"binary-expr","locations":[{"start":{"line":40,"column":8},"end":{"line":40,"column":16}},{"start":{"line":40,"column":16},"end":{"line":40,"column":38}}],"line":40},"4":{"loc":{"start":{"line":43,"column":4},"end":{"line":45,"column":null}},"type":"if","locations":[{"start":{"line":43,"column":4},"end":{"line":45,"column":null}},{"start":{},"end":{}}],"line":43}},"s":{"0":2,"1":2,"2":3,"3":3,"4":3,"5":3,"6":0,"7":3,"8":3,"9":0},"f":{"0":3},"b":{"0":[3,0],"1":[3,3,3,3,3,3],"2":[0,3],"3":[3,0],"4":[3,0]},"meta":{"lastBranch":5,"lastFunction":1,"lastStatement":10,"seen":{"s:1:47:15:Infinity":0,"s:29:35:48:Infinity":1,"f:29:35:29:36":0,"b:30:2:46:Infinity:undefined:undefined:undefined:undefined":0,"s:30:2:46:Infinity":2,"b:31:4:31:Infinity:32:4:32:Infinity:33:4:33:Infinity:34:4:34:Infinity:35:4:35:Infinity:36:4:36:Infinity":1,"s:38:18:38:Infinity":3,"s:39:17:39:Infinity":4,"b:40:4:42:Infinity:undefined:undefined:undefined:undefined":2,"s:40:4:42:Infinity":5,"b:40:8:40:16:40:16:40:38":3,"s:41:6:41:Infinity":6,"b:43:4:45:Infinity:undefined:undefined:undefined:undefined":4,"s:43:4:45:Infinity":7,"s:44:6:44:Infinity":8,"s:47:2:47:Infinity":9}}}
,"C:\\Users\\Asma\\Desktop\\software\\Project\\soundcloud-team8-frontend\\src\\features\\auth\\pages\\ForgotPasswordPage.tsx": {"path":"C:\\Users\\Asma\\Desktop\\software\\Project\\soundcloud-team8-frontend\\src\\features\\auth\\pages\\ForgotPasswordPage.tsx","statementMap":{"0":{"start":{"line":12,"column":17},"end":{"line":12,"column":null}},"1":{"start":{"line":14,"column":29},"end":{"line":20,"column":null}},"2":{"start":{"line":15,"column":2},"end":{"line":20,"column":null}},"3":{"start":{"line":23,"column":27},"end":{"line":24,"column":null}},"4":{"start":{"line":24,"column":2},"end":{"line":24,"column":null}},"5":{"start":{"line":26,"column":37},"end":{"line":176,"column":null}},"6":{"start":{"line":27,"column":8},"end":{"line":27,"column":null}},"7":{"start":{"line":28,"column":8},"end":{"line":28,"column":null}},"8":{"start":{"line":29,"column":24},"end":{"line":29,"column":null}},"9":{"start":{"line":31,"column":24},"end":{"line":31,"column":null}},"10":{"start":{"line":32,"column":38},"end":{"line":32,"column":null}},"11":{"start":{"line":33,"column":24},"end":{"line":33,"column":null}},"12":{"start":{"line":34,"column":32},"end":{"line":34,"column":null}},"13":{"start":{"line":36,"column":30},"end":{"line":58,"column":null}},"14":{"start":{"line":37,"column":4},"end":{"line":40,"column":null}},"15":{"start":{"line":38,"column":6},"end":{"line":38,"column":null}},"16":{"start":{"line":39,"column":6},"end":{"line":39,"column":null}},"17":{"start":{"line":41,"column":4},"end":{"line":44,"column":null}},"18":{"start":{"line":42,"column":6},"end":{"line":42,"column":null}},"19":{"start":{"line":43,"column":6},"end":{"line":43,"column":null}},"20":{"start":{"line":46,"column":4},"end":{"line":46,"column":null}},"21":{"start":{"line":47,"column":4},"end":{"line":47,"column":null}},"22":{"start":{"line":48,"column":4},"end":{"line":57,"column":null}},"23":{"start":{"line":49,"column":6},"end":{"line":49,"column":null}},"24":{"start":{"line":50,"column":6},"end":{"line":50,"column":null}},"25":{"start":{"line":54,"column":6},"end":{"line":54,"column":null}},"26":{"start":{"line":56,"column":6},"end":{"line":56,"column":null}},"27":{"start":{"line":60,"column":28},"end":{"line":63,"column":null}},"28":{"start":{"line":61,"column":4},"end":{"line":61,"column":null}},"29":{"start":{"line":62,"column":4},"end":{"line":62,"column":null}},"30":{"start":{"line":62,"column":15},"end":{"line":62,"column":null}},"31":{"start":{"line":65,"column":2},"end":{"line":174,"column":null}},"32":{"start":{"line":82,"column":37},"end":{"line":82,"column":null}},"33":{"start":{"line":96,"column":39},"end":{"line":96,"column":null}},"34":{"start":{"line":97,"column":42},"end":{"line":97,"column":88}},"35":{"start":{"line":97,"column":65},"end":{"line":97,"column":88}},"36":{"start":{"line":136,"column":39},"end":{"line":136,"column":60}},"37":{"start":{"line":136,"column":60},"end":{"line":136,"column":76}},"38":{"start":{"line":155,"column":35},"end":{"line":155,"column":null}}},"fnMap":{"0":{"name":"(anonymous_0)","decl":{"start":{"line":14,"column":29},"end":{"line":14,"column":null}},"loc":{"start":{"line":15,"column":2},"end":{"line":20,"column":null}},"line":15},"1":{"name":"(anonymous_1)","decl":{"start":{"line":23,"column":27},"end":{"line":23,"column":28}},"loc":{"start":{"line":24,"column":2},"end":{"line":24,"column":null}},"line":24},"2":{"name":"(anonymous_2)","decl":{"start":{"line":26,"column":37},"end":{"line":26,"column":43}},"loc":{"start":{"line":26,"column":43},"end":{"line":176,"column":null}},"line":26},"3":{"name":"(anonymous_3)","decl":{"start":{"line":36,"column":30},"end":{"line":36,"column":42}},"loc":{"start":{"line":36,"column":42},"end":{"line":58,"column":null}},"line":36},"4":{"name":"(anonymous_4)","decl":{"start":{"line":60,"column":28},"end":{"line":60,"column":29}},"loc":{"start":{"line":60,"column":45},"end":{"line":63,"column":null}},"line":60},"5":{"name":"(anonymous_5)","decl":{"start":{"line":82,"column":31},"end":{"line":82,"column":37}},"loc":{"start":{"line":82,"column":37},"end":{"line":82,"column":null}},"line":82},"6":{"name":"(anonymous_6)","decl":{"start":{"line":96,"column":32},"end":{"line":96,"column":33}},"loc":{"start":{"line":96,"column":39},"end":{"line":96,"column":null}},"line":96},"7":{"name":"(anonymous_7)","decl":{"start":{"line":97,"column":33},"end":{"line":97,"column":34}},"loc":{"start":{"line":97,"column":40},"end":{"line":97,"column":null}},"line":97},"8":{"name":"(anonymous_8)","decl":{"start":{"line":136,"column":31},"end":{"line":136,"column":37}},"loc":{"start":{"line":136,"column":37},"end":{"line":136,"column":null}},"line":136},"9":{"name":"(anonymous_9)","decl":{"start":{"line":155,"column":29},"end":{"line":155,"column":35}},"loc":{"start":{"line":155,"column":35},"end":{"line":155,"column":null}},"line":155}},"branchMap":{"0":{"loc":{"start":{"line":29,"column":24},"end":{"line":29,"column":null}},"type":"binary-expr","locations":[{"start":{"line":29,"column":24},"end":{"line":29,"column":72}},{"start":{"line":29,"column":72},"end":{"line":29,"column":null}}],"line":29},"1":{"loc":{"start":{"line":37,"column":4},"end":{"line":40,"column":null}},"type":"if","locations":[{"start":{"line":37,"column":4},"end":{"line":40,"column":null}},{"start":{},"end":{}}],"line":37},"2":{"loc":{"start":{"line":41,"column":4},"end":{"line":44,"column":null}},"type":"if","locations":[{"start":{"line":41,"column":4},"end":{"line":44,"column":null}},{"start":{},"end":{}}],"line":41},"3":{"loc":{"start":{"line":62,"column":4},"end":{"line":62,"column":null}},"type":"if","locations":[{"start":{"line":62,"column":4},"end":{"line":62,"column":null}},{"start":{},"end":{}}],"line":62},"4":{"loc":{"start":{"line":77,"column":15},"end":{"line":127,"column":null}},"type":"binary-expr","locations":[{"start":{"line":77,"column":15},"end":{"line":77,"column":null}},{"start":{"line":78,"column":16},"end":{"line":127,"column":null}}],"line":77},"5":{"loc":{"start":{"line":91,"column":106},"end":{"line":91,"column":148}},"type":"cond-expr","locations":[{"start":{"line":91,"column":114},"end":{"line":91,"column":133}},{"start":{"line":91,"column":133},"end":{"line":91,"column":148}}],"line":91},"6":{"loc":{"start":{"line":97,"column":42},"end":{"line":97,"column":88}},"type":"if","locations":[{"start":{"line":97,"column":42},"end":{"line":97,"column":88}},{"start":{},"end":{}}],"line":97},"7":{"loc":{"start":{"line":118,"column":21},"end":{"line":120,"column":null}},"type":"cond-expr","locations":[{"start":{"line":119,"column":24},"end":{"line":119,"column":null}},{"start":{"line":120,"column":24},"end":{"line":120,"column":null}}],"line":118},"8":{"loc":{"start":{"line":124,"column":19},"end":{"line":125,"column":null}},"type":"binary-expr","locations":[{"start":{"line":124,"column":19},"end":{"line":124,"column":null}},{"start":{"line":125,"column":20},"end":{"line":125,"column":null}}],"line":124},"9":{"loc":{"start":{"line":131,"column":15},"end":{"line":167,"column":null}},"type":"binary-expr","locations":[{"start":{"line":131,"column":15},"end":{"line":131,"column":null}},{"start":{"line":132,"column":16},"end":{"line":167,"column":null}}],"line":131}},"s":{"0":1,"1":1,"2":0,"3":1,"4":11,"5":1,"6":202,"7":202,"8":202,"9":202,"10":202,"11":202,"12":202,"13":202,"14":13,"15":2,"16":2,"17":11,"18":3,"19":3,"20":8,"21":8,"22":8,"23":8,"24":8,"25":0,"26":8,"27":202,"28":157,"29":157,"30":1,"31":202,"32":1,"33":157,"34":158,"35":1,"36":1,"37":1,"38":1},"f":{"0":0,"1":11,"2":202,"3":13,"4":157,"5":1,"6":157,"7":158,"8":1,"9":1},"b":{"0":[202,202],"1":[2,11],"2":[3,8],"3":[1,156],"4":[202,194],"5":[5,189],"6":[1,157],"7":[8,186],"8":[194,5],"9":[202,8]},"meta":{"lastBranch":10,"lastFunction":10,"lastStatement":39,"seen":{"s:12:17:12:Infinity":0,"s:14:29:20:Infinity":1,"f:14:29:14:Infinity":0,"s:15:2:20:Infinity":2,"s:23:27:24:Infinity":3,"f:23:27:23:28":1,"s:24:2:24:Infinity":4,"s:26:37:176:Infinity":5,"f:26:37:26:43":2,"s:27:8:27:Infinity":6,"s:28:8:28:Infinity":7,"s:29:24:29:Infinity":8,"b:29:24:29:72:29:72:29:Infinity":0,"s:31:24:31:Infinity":9,"s:32:38:32:Infinity":10,"s:33:24:33:Infinity":11,"s:34:32:34:Infinity":12,"s:36:30:58:Infinity":13,"f:36:30:36:42":3,"b:37:4:40:Infinity:undefined:undefined:undefined:undefined":1,"s:37:4:40:Infinity":14,"s:38:6:38:Infinity":15,"s:39:6:39:Infinity":16,"b:41:4:44:Infinity:undefined:undefined:undefined:undefined":2,"s:41:4:44:Infinity":17,"s:42:6:42:Infinity":18,"s:43:6:43:Infinity":19,"s:46:4:46:Infinity":20,"s:47:4:47:Infinity":21,"s:48:4:57:Infinity":22,"s:49:6:49:Infinity":23,"s:50:6:50:Infinity":24,"s:54:6:54:Infinity":25,"s:56:6:56:Infinity":26,"s:60:28:63:Infinity":27,"f:60:28:60:29":4,"s:61:4:61:Infinity":28,"b:62:4:62:Infinity:undefined:undefined:undefined:undefined":3,"s:62:4:62:Infinity":29,"s:62:15:62:Infinity":30,"s:65:2:174:Infinity":31,"b:77:15:77:Infinity:78:16:127:Infinity":4,"f:82:31:82:37":5,"s:82:37:82:Infinity":32,"b:91:114:91:133:91:133:91:148":5,"f:96:32:96:33":6,"s:96:39:96:Infinity":33,"f:97:33:97:34":7,"b:97:42:97:88:undefined:undefined:undefined:undefined":6,"s:97:42:97:88":34,"s:97:65:97:88":35,"b:119:24:119:Infinity:120:24:120:Infinity":7,"b:124:19:124:Infinity:125:20:125:Infinity":8,"b:131:15:131:Infinity:132:16:167:Infinity":9,"f:136:31:136:37":8,"s:136:39:136:60":36,"s:136:60:136:76":37,"f:155:29:155:35":9,"s:155:35:155:Infinity":38}}}
,"C:\\Users\\Asma\\Desktop\\software\\Project\\soundcloud-team8-frontend\\src\\features\\auth\\pages\\ResetPasswordPage.tsx": {"path":"C:\\Users\\Asma\\Desktop\\software\\Project\\soundcloud-team8-frontend\\src\\features\\auth\\pages\\ResetPasswordPage.tsx","statementMap":{"0":{"start":{"line":13,"column":29},"end":{"line":19,"column":null}},"1":{"start":{"line":14,"column":2},"end":{"line":19,"column":null}},"2":{"start":{"line":22,"column":21},"end":{"line":22,"column":null}},"3":{"start":{"line":22,"column":38},"end":{"line":22,"column":null}},"4":{"start":{"line":24,"column":36},"end":{"line":265,"column":null}},"5":{"start":{"line":25,"column":8},"end":{"line":25,"column":null}},"6":{"start":{"line":26,"column":8},"end":{"line":26,"column":null}},"7":{"start":{"line":27,"column":26},"end":{"line":27,"column":null}},"8":{"start":{"line":29,"column":24},"end":{"line":29,"column":null}},"9":{"start":{"line":30,"column":24},"end":{"line":30,"column":null}},"10":{"start":{"line":31,"column":36},"end":{"line":31,"column":null}},"11":{"start":{"line":32,"column":44},"end":{"line":32,"column":null}},"12":{"start":{"line":33,"column":44},"end":{"line":33,"column":null}},"13":{"start":{"line":34,"column":52},"end":{"line":34,"column":null}},"14":{"start":{"line":35,"column":38},"end":{"line":35,"column":null}},"15":{"start":{"line":36,"column":24},"end":{"line":36,"column":null}},"16":{"start":{"line":37,"column":32},"end":{"line":37,"column":null}},"17":{"start":{"line":40,"column":4},"end":{"line":44,"column":null}},"18":{"start":{"line":47,"column":4},"end":{"line":50,"column":null}},"19":{"start":{"line":52,"column":21},"end":{"line":92,"column":null}},"20":{"start":{"line":53,"column":4},"end":{"line":53,"column":null}},"21":{"start":{"line":54,"column":4},"end":{"line":57,"column":null}},"22":{"start":{"line":55,"column":6},"end":{"line":55,"column":null}},"23":{"start":{"line":56,"column":6},"end":{"line":56,"column":null}},"24":{"start":{"line":58,"column":4},"end":{"line":61,"column":null}},"25":{"start":{"line":59,"column":6},"end":{"line":59,"column":null}},"26":{"start":{"line":60,"column":6},"end":{"line":60,"column":null}},"27":{"start":{"line":62,"column":4},"end":{"line":65,"column":null}},"28":{"start":{"line":63,"column":6},"end":{"line":63,"column":null}},"29":{"start":{"line":64,"column":6},"end":{"line":64,"column":null}},"30":{"start":{"line":66,"column":4},"end":{"line":69,"column":null}},"31":{"start":{"line":67,"column":6},"end":{"line":67,"column":null}},"32":{"start":{"line":68,"column":6},"end":{"line":68,"column":null}},"33":{"start":{"line":70,"column":4},"end":{"line":70,"column":null}},"34":{"start":{"line":71,"column":4},"end":{"line":91,"column":null}},"35":{"start":{"line":72,"column":6},"end":{"line":72,"column":null}},"36":{"start":{"line":73,"column":6},"end":{"line":73,"column":null}},"37":{"start":{"line":75,"column":18},"end":{"line":75,"column":null}},"38":{"start":{"line":76,"column":6},"end":{"line":88,"column":null}},"39":{"start":{"line":77,"column":8},"end":{"line":77,"column":null}},"40":{"start":{"line":78,"column":6},"end":{"line":88,"column":null}},"41":{"start":{"line":79,"column":8},"end":{"line":85,"column":null}},"42":{"start":{"line":80,"column":10},"end":{"line":80,"column":null}},"43":{"start":{"line":81,"column":8},"end":{"line":85,"column":null}},"44":{"start":{"line":82,"column":10},"end":{"line":82,"column":null}},"45":{"start":{"line":84,"column":10},"end":{"line":84,"column":null}},"46":{"start":{"line":87,"column":8},"end":{"line":87,"column":null}},"47":{"start":{"line":90,"column":6},"end":{"line":90,"column":null}},"48":{"start":{"line":94,"column":2},"end":{"line":263,"column":null}},"49":{"start":{"line":111,"column":37},"end":{"line":111,"column":null}},"50":{"start":{"line":133,"column":43},"end":{"line":133,"column":69}},"51":{"start":{"line":133,"column":69},"end":{"line":133,"column":85}},"52":{"start":{"line":149,"column":43},"end":{"line":149,"column":121}},"53":{"start":{"line":149,"column":121},"end":{"line":149,"column":137}},"54":{"start":{"line":166,"column":43},"end":{"line":166,"column":75}},"55":{"start":{"line":166,"column":75},"end":{"line":166,"column":91}},"56":{"start":{"line":173,"column":39},"end":{"line":173,"column":null}},"57":{"start":{"line":173,"column":65},"end":{"line":173,"column":67}},"58":{"start":{"line":188,"column":26},"end":{"line":197,"column":null}},"59":{"start":{"line":210,"column":43},"end":{"line":210,"column":79}},"60":{"start":{"line":210,"column":79},"end":{"line":210,"column":95}},"61":{"start":{"line":217,"column":39},"end":{"line":217,"column":null}},"62":{"start":{"line":217,"column":69},"end":{"line":217,"column":71}},"63":{"start":{"line":251,"column":35},"end":{"line":251,"column":null}}},"fnMap":{"0":{"name":"(anonymous_0)","decl":{"start":{"line":13,"column":29},"end":{"line":13,"column":null}},"loc":{"start":{"line":14,"column":2},"end":{"line":19,"column":null}},"line":14},"1":{"name":"(anonymous_1)","decl":{"start":{"line":22,"column":21},"end":{"line":22,"column":22}},"loc":{"start":{"line":22,"column":38},"end":{"line":22,"column":null}},"line":22},"2":{"name":"(anonymous_2)","decl":{"start":{"line":24,"column":36},"end":{"line":24,"column":42}},"loc":{"start":{"line":24,"column":42},"end":{"line":265,"column":null}},"line":24},"3":{"name":"(anonymous_3)","decl":{"start":{"line":52,"column":21},"end":{"line":52,"column":33}},"loc":{"start":{"line":52,"column":33},"end":{"line":92,"column":null}},"line":52},"4":{"name":"(anonymous_4)","decl":{"start":{"line":111,"column":31},"end":{"line":111,"column":37}},"loc":{"start":{"line":111,"column":37},"end":{"line":111,"column":null}},"line":111},"5":{"name":"(anonymous_5)","decl":{"start":{"line":133,"column":34},"end":{"line":133,"column":35}},"loc":{"start":{"line":133,"column":41},"end":{"line":133,"column":null}},"line":133},"6":{"name":"(anonymous_6)","decl":{"start":{"line":149,"column":34},"end":{"line":149,"column":35}},"loc":{"start":{"line":149,"column":41},"end":{"line":149,"column":null}},"line":149},"7":{"name":"(anonymous_7)","decl":{"start":{"line":166,"column":34},"end":{"line":166,"column":35}},"loc":{"start":{"line":166,"column":41},"end":{"line":166,"column":null}},"line":166},"8":{"name":"(anonymous_8)","decl":{"start":{"line":173,"column":33},"end":{"line":173,"column":39}},"loc":{"start":{"line":173,"column":39},"end":{"line":173,"column":null}},"line":173},"9":{"name":"(anonymous_9)","decl":{"start":{"line":173,"column":58},"end":{"line":173,"column":59}},"loc":{"start":{"line":173,"column":65},"end":{"line":173,"column":67}},"line":173},"10":{"name":"(anonymous_10)","decl":{"start":{"line":187,"column":30},"end":{"line":187,"column":31}},"loc":{"start":{"line":188,"column":26},"end":{"line":197,"column":null}},"line":188},"11":{"name":"(anonymous_11)","decl":{"start":{"line":210,"column":34},"end":{"line":210,"column":35}},"loc":{"start":{"line":210,"column":41},"end":{"line":210,"column":null}},"line":210},"12":{"name":"(anonymous_12)","decl":{"start":{"line":217,"column":33},"end":{"line":217,"column":39}},"loc":{"start":{"line":217,"column":39},"end":{"line":217,"column":null}},"line":217},"13":{"name":"(anonymous_13)","decl":{"start":{"line":217,"column":62},"end":{"line":217,"column":63}},"loc":{"start":{"line":217,"column":69},"end":{"line":217,"column":71}},"line":217},"14":{"name":"(anonymous_14)","decl":{"start":{"line":251,"column":29},"end":{"line":251,"column":35}},"loc":{"start":{"line":251,"column":35},"end":{"line":251,"column":null}},"line":251}},"branchMap":{"0":{"loc":{"start":{"line":27,"column":26},"end":{"line":27,"column":null}},"type":"binary-expr","locations":[{"start":{"line":27,"column":26},"end":{"line":27,"column":74}},{"start":{"line":27,"column":74},"end":{"line":27,"column":null}}],"line":27},"1":{"loc":{"start":{"line":40,"column":4},"end":{"line":44,"column":null}},"type":"binary-expr","locations":[{"start":{"line":40,"column":4},"end":{"line":40,"column":null}},{"start":{"line":41,"column":4},"end":{"line":41,"column":null}},{"start":{"line":42,"column":4},"end":{"line":42,"column":null}},{"start":{"line":43,"column":4},"end":{"line":43,"column":null}},{"start":{"line":44,"column":4},"end":{"line":44,"column":null}}],"line":40},"2":{"loc":{"start":{"line":47,"column":4},"end":{"line":50,"column":null}},"type":"binary-expr","locations":[{"start":{"line":47,"column":4},"end":{"line":47,"column":null}},{"start":{"line":48,"column":4},"end":{"line":48,"column":null}},{"start":{"line":49,"column":4},"end":{"line":49,"column":null}},{"start":{"line":50,"column":4},"end":{"line":50,"column":null}}],"line":47},"3":{"loc":{"start":{"line":54,"column":4},"end":{"line":57,"column":null}},"type":"if","locations":[{"start":{"line":54,"column":4},"end":{"line":57,"column":null}},{"start":{},"end":{}}],"line":54},"4":{"loc":{"start":{"line":58,"column":4},"end":{"line":61,"column":null}},"type":"if","locations":[{"start":{"line":58,"column":4},"end":{"line":61,"column":null}},{"start":{},"end":{}}],"line":58},"5":{"loc":{"start":{"line":62,"column":4},"end":{"line":65,"column":null}},"type":"if","locations":[{"start":{"line":62,"column":4},"end":{"line":65,"column":null}},{"start":{},"end":{}}],"line":62},"6":{"loc":{"start":{"line":66,"column":4},"end":{"line":69,"column":null}},"type":"if","locations":[{"start":{"line":66,"column":4},"end":{"line":69,"column":null}},{"start":{},"end":{}}],"line":66},"7":{"loc":{"start":{"line":76,"column":6},"end":{"line":88,"column":null}},"type":"if","locations":[{"start":{"line":76,"column":6},"end":{"line":88,"column":null}},{"start":{"line":78,"column":6},"end":{"line":88,"column":null}}],"line":76},"8":{"loc":{"start":{"line":78,"column":6},"end":{"line":88,"column":null}},"type":"if","locations":[{"start":{"line":78,"column":6},"end":{"line":88,"column":null}},{"start":{"line":86,"column":13},"end":{"line":88,"column":null}}],"line":78},"9":{"loc":{"start":{"line":79,"column":8},"end":{"line":85,"column":null}},"type":"if","locations":[{"start":{"line":79,"column":8},"end":{"line":85,"column":null}},{"start":{"line":81,"column":8},"end":{"line":85,"column":null}}],"line":79},"10":{"loc":{"start":{"line":79,"column":12},"end":{"line":79,"column":131}},"type":"binary-expr","locations":[{"start":{"line":79,"column":12},"end":{"line":79,"column":51}},{"start":{"line":79,"column":51},"end":{"line":79,"column":92}},{"start":{"line":79,"column":92},"end":{"line":79,"column":131}}],"line":79},"11":{"loc":{"start":{"line":81,"column":8},"end":{"line":85,"column":null}},"type":"if","locations":[{"start":{"line":81,"column":8},"end":{"line":85,"column":null}},{"start":{"line":83,"column":15},"end":{"line":85,"column":null}}],"line":81},"12":{"loc":{"start":{"line":105,"column":15},"end":{"line":256,"column":null}},"type":"cond-expr","locations":[{"start":{"line":106,"column":16},"end":{"line":241,"column":null}},{"start":{"line":244,"column":16},"end":{"line":256,"column":null}}],"line":105},"13":{"loc":{"start":{"line":120,"column":19},"end":{"line":123,"column":null}},"type":"binary-expr","locations":[{"start":{"line":120,"column":19},"end":{"line":120,"column":null}},{"start":{"line":121,"column":20},"end":{"line":123,"column":null}}],"line":120},"14":{"loc":{"start":{"line":164,"column":30},"end":{"line":164,"column":null}},"type":"cond-expr","locations":[{"start":{"line":164,"column":48},"end":{"line":164,"column":57}},{"start":{"line":164,"column":57},"end":{"line":164,"column":null}}],"line":164},"15":{"loc":{"start":{"line":176,"column":25},"end":{"line":176,"column":null}},"type":"cond-expr","locations":[{"start":{"line":176,"column":43},"end":{"line":176,"column":76}},{"start":{"line":176,"column":76},"end":{"line":176,"column":null}}],"line":176},"16":{"loc":{"start":{"line":179,"column":21},"end":{"line":199,"column":null}},"type":"binary-expr","locations":[{"start":{"line":179,"column":21},"end":{"line":179,"column":null}},{"start":{"line":180,"column":22},"end":{"line":199,"column":null}}],"line":179},"17":{"loc":{"start":{"line":189,"column":115},"end":{"line":189,"column":154}},"type":"cond-expr","locations":[{"start":{"line":189,"column":126},"end":{"line":189,"column":143}},{"start":{"line":189,"column":143},"end":{"line":189,"column":154}}],"line":189},"18":{"loc":{"start":{"line":190,"column":31},"end":{"line":193,"column":null}},"type":"binary-expr","locations":[{"start":{"line":190,"column":31},"end":{"line":190,"column":null}},{"start":{"line":191,"column":32},"end":{"line":193,"column":null}}],"line":190},"19":{"loc":{"start":{"line":196,"column":56},"end":{"line":196,"column":99}},"type":"cond-expr","locations":[{"start":{"line":196,"column":67},"end":{"line":196,"column":86}},{"start":{"line":196,"column":86},"end":{"line":196,"column":99}}],"line":196},"20":{"loc":{"start":{"line":208,"column":30},"end":{"line":208,"column":null}},"type":"cond-expr","locations":[{"start":{"line":208,"column":52},"end":{"line":208,"column":61}},{"start":{"line":208,"column":61},"end":{"line":208,"column":null}}],"line":208},"21":{"loc":{"start":{"line":220,"column":25},"end":{"line":220,"column":null}},"type":"cond-expr","locations":[{"start":{"line":220,"column":47},"end":{"line":220,"column":80}},{"start":{"line":220,"column":80},"end":{"line":220,"column":null}}],"line":220},"22":{"loc":{"start":{"line":223,"column":21},"end":{"line":224,"column":null}},"type":"binary-expr","locations":[{"start":{"line":223,"column":21},"end":{"line":223,"column":51}},{"start":{"line":223,"column":51},"end":{"line":223,"column":null}},{"start":{"line":224,"column":22},"end":{"line":224,"column":null}}],"line":223},"23":{"loc":{"start":{"line":232,"column":30},"end":{"line":232,"column":null}},"type":"binary-expr","locations":[{"start":{"line":232,"column":30},"end":{"line":232,"column":42}},{"start":{"line":232,"column":42},"end":{"line":232,"column":null}}],"line":232},"24":{"loc":{"start":{"line":234,"column":22},"end":{"line":236,"column":null}},"type":"cond-expr","locations":[{"start":{"line":235,"column":26},"end":{"line":235,"column":null}},{"start":{"line":236,"column":26},"end":{"line":236,"column":null}}],"line":234},"25":{"loc":{"start":{"line":234,"column":22},"end":{"line":234,"column":null}},"type":"binary-expr","locations":[{"start":{"line":234,"column":22},"end":{"line":234,"column":33}},{"start":{"line":234,"column":33},"end":{"line":234,"column":null}}],"line":234},"26":{"loc":{"start":{"line":239,"column":21},"end":{"line":239,"column":null}},"type":"cond-expr","locations":[{"start":{"line":239,"column":36},"end":{"line":239,"column":97}},{"start":{"line":239,"column":97},"end":{"line":239,"column":null}}],"line":239}},"s":{"0":1,"1":0,"2":1,"3":365,"4":1,"5":358,"6":358,"7":358,"8":358,"9":358,"10":358,"11":358,"12":358,"13":358,"14":358,"15":358,"16":358,"17":358,"18":358,"19":358,"20":7,"21":7,"22":0,"23":0,"24":7,"25":0,"26":0,"27":7,"28":0,"29":0,"30":7,"31":0,"32":0,"33":7,"34":7,"35":7,"36":2,"37":5,"38":5,"39":1,"40":4,"41":3,"42":1,"43":2,"44":1,"45":1,"46":1,"47":7,"48":358,"49":1,"50":0,"51":0,"52":66,"53":66,"54":117,"55":117,"56":2,"57":2,"58":1310,"59":131,"60":131,"61":0,"62":0,"63":0},"f":{"0":0,"1":365,"2":358,"3":7,"4":1,"5":0,"6":66,"7":117,"8":2,"9":2,"10":1310,"11":131,"12":0,"13":0,"14":0},"b":{"0":[358,0],"1":[358,171,171,171,171],"2":[358,358,218,138],"3":[0,7],"4":[0,7],"5":[0,7],"6":[0,7],"7":[1,4],"8":[3,1],"9":[1,2],"10":[3,2,2],"11":[1,1],"12":[358,0],"13":[358,5],"14":[2,356],"15":[2,356],"16":[358,262],"17":[1089,221],"18":[1310,1089],"19":[1089,221],"20":[0,358],"21":[0,358],"22":[358,144,118],"23":[358,23],"24":[16,342],"25":[358,23],"26":[7,351]},"meta":{"lastBranch":27,"lastFunction":15,"lastStatement":64,"seen":{"s:13:29:19:Infinity":0,"f:13:29:13:Infinity":0,"s:14:2:19:Infinity":1,"s:22:21:22:Infinity":2,"f:22:21:22:22":1,"s:22:38:22:Infinity":3,"s:24:36:265:Infinity":4,"f:24:36:24:42":2,"s:25:8:25:Infinity":5,"s:26:8:26:Infinity":6,"s:27:26:27:Infinity":7,"b:27:26:27:74:27:74:27:Infinity":0,"s:29:24:29:Infinity":8,"s:30:24:30:Infinity":9,"s:31:36:31:Infinity":10,"s:32:44:32:Infinity":11,"s:33:44:33:Infinity":12,"s:34:52:34:Infinity":13,"s:35:38:35:Infinity":14,"s:36:24:36:Infinity":15,"s:37:32:37:Infinity":16,"s:40:4:44:Infinity":17,"b:40:4:40:Infinity:41:4:41:Infinity:42:4:42:Infinity:43:4:43:Infinity:44:4:44:Infinity":1,"s:47:4:50:Infinity":18,"b:47:4:47:Infinity:48:4:48:Infinity:49:4:49:Infinity:50:4:50:Infinity":2,"s:52:21:92:Infinity":19,"f:52:21:52:33":3,"s:53:4:53:Infinity":20,"b:54:4:57:Infinity:undefined:undefined:undefined:undefined":3,"s:54:4:57:Infinity":21,"s:55:6:55:Infinity":22,"s:56:6:56:Infinity":23,"b:58:4:61:Infinity:undefined:undefined:undefined:undefined":4,"s:58:4:61:Infinity":24,"s:59:6:59:Infinity":25,"s:60:6:60:Infinity":26,"b:62:4:65:Infinity:undefined:undefined:undefined:undefined":5,"s:62:4:65:Infinity":27,"s:63:6:63:Infinity":28,"s:64:6:64:Infinity":29,"b:66:4:69:Infinity:undefined:undefined:undefined:undefined":6,"s:66:4:69:Infinity":30,"s:67:6:67:Infinity":31,"s:68:6:68:Infinity":32,"s:70:4:70:Infinity":33,"s:71:4:91:Infinity":34,"s:72:6:72:Infinity":35,"s:73:6:73:Infinity":36,"s:75:18:75:Infinity":37,"b:76:6:88:Infinity:78:6:88:Infinity":7,"s:76:6:88:Infinity":38,"s:77:8:77:Infinity":39,"b:78:6:88:Infinity:86:13:88:Infinity":8,"s:78:6:88:Infinity":40,"b:79:8:85:Infinity:81:8:85:Infinity":9,"s:79:8:85:Infinity":41,"b:79:12:79:51:79:51:79:92:79:92:79:131":10,"s:80:10:80:Infinity":42,"b:81:8:85:Infinity:83:15:85:Infinity":11,"s:81:8:85:Infinity":43,"s:82:10:82:Infinity":44,"s:84:10:84:Infinity":45,"s:87:8:87:Infinity":46,"s:90:6:90:Infinity":47,"s:94:2:263:Infinity":48,"b:106:16:241:Infinity:244:16:256:Infinity":12,"f:111:31:111:37":4,"s:111:37:111:Infinity":49,"b:120:19:120:Infinity:121:20:123:Infinity":13,"f:133:34:133:35":5,"s:133:43:133:69":50,"s:133:69:133:85":51,"f:149:34:149:35":6,"s:149:43:149:121":52,"s:149:121:149:137":53,"b:164:48:164:57:164:57:164:Infinity":14,"f:166:34:166:35":7,"s:166:43:166:75":54,"s:166:75:166:91":55,"f:173:33:173:39":8,"s:173:39:173:Infinity":56,"f:173:58:173:59":9,"s:173:65:173:67":57,"b:176:43:176:76:176:76:176:Infinity":15,"b:179:21:179:Infinity:180:22:199:Infinity":16,"f:187:30:187:31":10,"s:188:26:197:Infinity":58,"b:189:126:189:143:189:143:189:154":17,"b:190:31:190:Infinity:191:32:193:Infinity":18,"b:196:67:196:86:196:86:196:99":19,"b:208:52:208:61:208:61:208:Infinity":20,"f:210:34:210:35":11,"s:210:43:210:79":59,"s:210:79:210:95":60,"f:217:33:217:39":12,"s:217:39:217:Infinity":61,"f:217:62:217:63":13,"s:217:69:217:71":62,"b:220:47:220:80:220:80:220:Infinity":21,"b:223:21:223:51:223:51:223:Infinity:224:22:224:Infinity":22,"b:232:30:232:42:232:42:232:Infinity":23,"b:235:26:235:Infinity:236:26:236:Infinity":24,"b:234:22:234:33:234:33:234:Infinity":25,"b:239:36:239:97:239:97:239:Infinity":26,"f:251:29:251:35":14,"s:251:35:251:Infinity":63}}}
,"C:\\Users\\Asma\\Desktop\\software\\Project\\soundcloud-team8-frontend\\src\\features\\auth\\pages\\SignInPage.tsx": {"path":"C:\\Users\\Asma\\Desktop\\software\\Project\\soundcloud-team8-frontend\\src\\features\\auth\\pages\\SignInPage.tsx","statementMap":{"0":{"start":{"line":17,"column":29},"end":{"line":23,"column":null}},"1":{"start":{"line":18,"column":2},"end":{"line":23,"column":null}},"2":{"start":{"line":26,"column":28},"end":{"line":29,"column":null}},"3":{"start":{"line":27,"column":2},"end":{"line":29,"column":null}},"4":{"start":{"line":32,"column":31},"end":{"line":35,"column":null}},"5":{"start":{"line":33,"column":2},"end":{"line":35,"column":null}},"6":{"start":{"line":49,"column":50},"end":{"line":60,"column":null}},"7":{"start":{"line":52,"column":2},"end":{"line":60,"column":null}},"8":{"start":{"line":55,"column":19},"end":{"line":55,"column":null}},"9":{"start":{"line":63,"column":29},"end":{"line":69,"column":null}},"10":{"start":{"line":64,"column":2},"end":{"line":69,"column":null}},"11":{"start":{"line":73,"column":21},"end":{"line":73,"column":null}},"12":{"start":{"line":73,"column":38},"end":{"line":73,"column":null}},"13":{"start":{"line":75,"column":29},"end":{"line":468,"column":null}},"14":{"start":{"line":76,"column":8},"end":{"line":76,"column":null}},"15":{"start":{"line":77,"column":8},"end":{"line":77,"column":null}},"16":{"start":{"line":78,"column":8},"end":{"line":78,"column":null}},"17":{"start":{"line":79,"column":16},"end":{"line":79,"column":null}},"18":{"start":{"line":80,"column":29},"end":{"line":80,"column":null}},"19":{"start":{"line":81,"column":23},"end":{"line":81,"column":null}},"20":{"start":{"line":83,"column":22},"end":{"line":83,"column":null}},"21":{"start":{"line":84,"column":34},"end":{"line":84,"column":null}},"22":{"start":{"line":85,"column":34},"end":{"line":85,"column":null}},"23":{"start":{"line":86,"column":38},"end":{"line":86,"column":null}},"24":{"start":{"line":87,"column":30},"end":{"line":87,"column":null}},"25":{"start":{"line":88,"column":38},"end":{"line":88,"column":null}},"26":{"start":{"line":89,"column":40},"end":{"line":89,"column":null}},"27":{"start":{"line":90,"column":44},"end":{"line":90,"column":null}},"28":{"start":{"line":91,"column":38},"end":{"line":91,"column":null}},"29":{"start":{"line":92,"column":46},"end":{"line":92,"column":null}},"30":{"start":{"line":93,"column":38},"end":{"line":93,"column":null}},"31":{"start":{"line":94,"column":32},"end":{"line":94,"column":null}},"32":{"start":{"line":96,"column":8},"end":{"line":96,"column":null}},"33":{"start":{"line":98,"column":73},"end":{"line":100,"column":null}},"34":{"start":{"line":102,"column":2},"end":{"line":116,"column":null}},"35":{"start":{"line":103,"column":2},"end":{"line":107,"column":null}},"36":{"start":{"line":104,"column":4},"end":{"line":104,"column":null}},"37":{"start":{"line":105,"column":4},"end":{"line":105,"column":null}},"38":{"start":{"line":106,"column":4},"end":{"line":106,"column":null}},"39":{"start":{"line":108,"column":2},"end":{"line":115,"column":null}},"40":{"start":{"line":109,"column":4},"end":{"line":109,"column":null}},"41":{"start":{"line":110,"column":4},"end":{"line":110,"column":null}},"42":{"start":{"line":111,"column":4},"end":{"line":111,"column":null}},"43":{"start":{"line":112,"column":4},"end":{"line":112,"column":null}},"44":{"start":{"line":113,"column":4},"end":{"line":113,"column":null}},"45":{"start":{"line":114,"column":4},"end":{"line":114,"column":null}},"46":{"start":{"line":119,"column":8},"end":{"line":154,"column":null}},"47":{"start":{"line":121,"column":6},"end":{"line":121,"column":null}},"48":{"start":{"line":122,"column":6},"end":{"line":122,"column":null}},"49":{"start":{"line":123,"column":6},"end":{"line":147,"column":null}},"50":{"start":{"line":124,"column":20},"end":{"line":124,"column":null}},"51":{"start":{"line":125,"column":8},"end":{"line":130,"column":null}},"52":{"start":{"line":126,"column":10},"end":{"line":126,"column":null}},"53":{"start":{"line":127,"column":10},"end":{"line":127,"column":null}},"54":{"start":{"line":128,"column":10},"end":{"line":128,"column":null}},"55":{"start":{"line":129,"column":10},"end":{"line":129,"column":null}},"56":{"start":{"line":131,"column":8},"end":{"line":131,"column":null}},"57":{"start":{"line":132,"column":8},"end":{"line":141,"column":null}},"58":{"start":{"line":133,"column":10},"end":{"line":140,"column":null}},"59":{"start":{"line":142,"column":8},"end":{"line":142,"column":null}},"60":{"start":{"line":144,"column":8},"end":{"line":144,"column":null}},"61":{"start":{"line":146,"column":8},"end":{"line":146,"column":null}},"62":{"start":{"line":150,"column":6},"end":{"line":150,"column":null}},"63":{"start":{"line":151,"column":6},"end":{"line":151,"column":null}},"64":{"start":{"line":156,"column":27},"end":{"line":169,"column":null}},"65":{"start":{"line":157,"column":4},"end":{"line":157,"column":null}},"66":{"start":{"line":157,"column":40},"end":{"line":157,"column":null}},"67":{"start":{"line":158,"column":4},"end":{"line":158,"column":null}},"68":{"start":{"line":159,"column":4},"end":{"line":159,"column":null}},"69":{"start":{"line":160,"column":4},"end":{"line":168,"column":null}},"70":{"start":{"line":161,"column":18},"end":{"line":161,"column":null}},"71":{"start":{"line":162,"column":6},"end":{"line":162,"column":null}},"72":{"start":{"line":163,"column":6},"end":{"line":163,"column":null}},"73":{"start":{"line":165,"column":6},"end":{"line":165,"column":null}},"74":{"start":{"line":167,"column":6},"end":{"line":167,"column":null}},"75":{"start":{"line":171,"column":27},"end":{"line":171,"column":null}},"76":{"start":{"line":171,"column":35},"end":{"line":171,"column":76}},"77":{"start":{"line":171,"column":58},"end":{"line":171,"column":76}},"78":{"start":{"line":173,"column":21},"end":{"line":178,"column":null}},"79":{"start":{"line":174,"column":4},"end":{"line":174,"column":null}},"80":{"start":{"line":175,"column":4},"end":{"line":175,"column":null}},"81":{"start":{"line":176,"column":4},"end":{"line":176,"column":null}},"82":{"start":{"line":176,"column":28},"end":{"line":176,"column":47}},"83":{"start":{"line":176,"column":47},"end":{"line":176,"column":66}},"84":{"start":{"line":177,"column":4},"end":{"line":177,"column":null}},"85":{"start":{"line":177,"column":31},"end":{"line":177,"column":49}},"86":{"start":{"line":180,"column":30},"end":{"line":201,"column":null}},"87":{"start":{"line":181,"column":18},"end":{"line":181,"column":null}},"88":{"start":{"line":182,"column":4},"end":{"line":185,"column":null}},"89":{"start":{"line":183,"column":6},"end":{"line":183,"column":null}},"90":{"start":{"line":184,"column":6},"end":{"line":184,"column":null}},"91":{"start":{"line":186,"column":4},"end":{"line":186,"column":null}},"92":{"start":{"line":187,"column":4},"end":{"line":187,"column":null}},"93":{"start":{"line":188,"column":4},"end":{"line":200,"column":null}},"94":{"start":{"line":189,"column":21},"end":{"line":189,"column":null}},"95":{"start":{"line":190,"column":6},"end":{"line":193,"column":null}},"96":{"start":{"line":191,"column":8},"end":{"line":191,"column":null}},"97":{"start":{"line":192,"column":8},"end":{"line":192,"column":null}},"98":{"start":{"line":194,"column":6},"end":{"line":194,"column":null}},"99":{"start":{"line":195,"column":6},"end":{"line":195,"column":null}},"100":{"start":{"line":197,"column":6},"end":{"line":197,"column":null}},"101":{"start":{"line":199,"column":6},"end":{"line":199,"column":null}},"102":{"start":{"line":203,"column":19},"end":{"line":241,"column":null}},"103":{"start":{"line":204,"column":4},"end":{"line":204,"column":null}},"104":{"start":{"line":205,"column":4},"end":{"line":205,"column":null}},"105":{"start":{"line":206,"column":4},"end":{"line":240,"column":null}},"106":{"start":{"line":207,"column":18},"end":{"line":207,"column":null}},"107":{"start":{"line":208,"column":6},"end":{"line":211,"column":null}},"108":{"start":{"line":209,"column":8},"end":{"line":209,"column":null}},"109":{"start":{"line":210,"column":8},"end":{"line":210,"column":null}},"110":{"start":{"line":212,"column":6},"end":{"line":215,"column":null}},"111":{"start":{"line":213,"column":8},"end":{"line":213,"column":null}},"112":{"start":{"line":214,"column":8},"end":{"line":214,"column":null}},"113":{"start":{"line":216,"column":6},"end":{"line":216,"column":null}},"114":{"start":{"line":217,"column":6},"end":{"line":226,"column":null}},"115":{"start":{"line":218,"column":8},"end":{"line":225,"column":null}},"116":{"start":{"line":227,"column":6},"end":{"line":227,"column":null}},"117":{"start":{"line":229,"column":12},"end":{"line":229,"column":null}},"118":{"start":{"line":230,"column":25},"end":{"line":232,"column":null}},"119":{"start":{"line":233,"column":6},"end":{"line":237,"column":null}},"120":{"start":{"line":234,"column":8},"end":{"line":234,"column":null}},"121":{"start":{"line":236,"column":8},"end":{"line":236,"column":null}},"122":{"start":{"line":239,"column":6},"end":{"line":239,"column":null}},"123":{"start":{"line":243,"column":28},"end":{"line":255,"column":null}},"124":{"start":{"line":244,"column":4},"end":{"line":244,"column":null}},"125":{"start":{"line":245,"column":4},"end":{"line":245,"column":null}},"126":{"start":{"line":246,"column":4},"end":{"line":254,"column":null}},"127":{"start":{"line":247,"column":18},"end":{"line":247,"column":null}},"128":{"start":{"line":248,"column":6},"end":{"line":248,"column":null}},"129":{"start":{"line":249,"column":6},"end":{"line":249,"column":null}},"130":{"start":{"line":251,"column":6},"end":{"line":251,"column":null}},"131":{"start":{"line":253,"column":6},"end":{"line":253,"column":null}},"132":{"start":{"line":257,"column":27},"end":{"line":257,"column":null}},"133":{"start":{"line":259,"column":21},"end":{"line":266,"column":null}},"134":{"start":{"line":260,"column":4},"end":{"line":266,"column":null}},"135":{"start":{"line":269,"column":2},"end":{"line":466,"column":null}},"136":{"start":{"line":298,"column":35},"end":{"line":298,"column":null}},"137":{"start":{"line":315,"column":41},"end":{"line":315,"column":null}},"138":{"start":{"line":333,"column":41},"end":{"line":333,"column":69}},"139":{"start":{"line":333,"column":69},"end":{"line":333,"column":90}},"140":{"start":{"line":333,"column":90},"end":{"line":333,"column":109}},"141":{"start":{"line":351,"column":37},"end":{"line":351,"column":null}},"142":{"start":{"line":382,"column":41},"end":{"line":382,"column":72}},"143":{"start":{"line":382,"column":72},"end":{"line":382,"column":93}},"144":{"start":{"line":383,"column":42},"end":{"line":383,"column":88}},"145":{"start":{"line":383,"column":65},"end":{"line":383,"column":88}},"146":{"start":{"line":438,"column":59},"end":{"line":438,"column":null}},"147":{"start":{"line":438,"column":82},"end":{"line":438,"column":84}}},"fnMap":{"0":{"name":"(anonymous_0)","decl":{"start":{"line":17,"column":29},"end":{"line":17,"column":null}},"loc":{"start":{"line":18,"column":2},"end":{"line":23,"column":null}},"line":18},"1":{"name":"(anonymous_1)","decl":{"start":{"line":26,"column":28},"end":{"line":26,"column":null}},"loc":{"start":{"line":27,"column":2},"end":{"line":29,"column":null}},"line":27},"2":{"name":"(anonymous_2)","decl":{"start":{"line":32,"column":31},"end":{"line":32,"column":null}},"loc":{"start":{"line":33,"column":2},"end":{"line":35,"column":null}},"line":33},"3":{"name":"(anonymous_3)","decl":{"start":{"line":49,"column":50},"end":{"line":49,"column":51}},"loc":{"start":{"line":52,"column":2},"end":{"line":60,"column":null}},"line":52},"4":{"name":"(anonymous_4)","decl":{"start":{"line":55,"column":13},"end":{"line":55,"column":19}},"loc":{"start":{"line":55,"column":19},"end":{"line":55,"column":null}},"line":55},"5":{"name":"(anonymous_5)","decl":{"start":{"line":63,"column":29},"end":{"line":63,"column":null}},"loc":{"start":{"line":64,"column":2},"end":{"line":69,"column":null}},"line":64},"6":{"name":"(anonymous_6)","decl":{"start":{"line":73,"column":21},"end":{"line":73,"column":22}},"loc":{"start":{"line":73,"column":38},"end":{"line":73,"column":null}},"line":73},"7":{"name":"(anonymous_7)","decl":{"start":{"line":75,"column":29},"end":{"line":75,"column":35}},"loc":{"start":{"line":75,"column":35},"end":{"line":468,"column":null}},"line":75},"8":{"name":"(anonymous_8)","decl":{"start":{"line":102,"column":12},"end":{"line":102,"column":18}},"loc":{"start":{"line":102,"column":18},"end":{"line":116,"column":3}},"line":102},"9":{"name":"(anonymous_9)","decl":{"start":{"line":108,"column":9},"end":{"line":108,"column":15}},"loc":{"start":{"line":108,"column":15},"end":{"line":115,"column":null}},"line":108},"10":{"name":"(anonymous_10)","decl":{"start":{"line":120,"column":15},"end":{"line":120,"column":22}},"loc":{"start":{"line":120,"column":35},"end":{"line":148,"column":null}},"line":120},"11":{"name":"(anonymous_11)","decl":{"start":{"line":149,"column":13},"end":{"line":149,"column":19}},"loc":{"start":{"line":149,"column":19},"end":{"line":152,"column":null}},"line":149},"12":{"name":"(anonymous_12)","decl":{"start":{"line":156,"column":27},"end":{"line":156,"column":39}},"loc":{"start":{"line":156,"column":39},"end":{"line":169,"column":null}},"line":156},"13":{"name":"(anonymous_13)","decl":{"start":{"line":171,"column":27},"end":{"line":171,"column":33}},"loc":{"start":{"line":171,"column":33},"end":{"line":171,"column":null}},"line":171},"14":{"name":"(anonymous_14)","decl":{"start":{"line":173,"column":21},"end":{"line":173,"column":27}},"loc":{"start":{"line":173,"column":27},"end":{"line":178,"column":null}},"line":173},"15":{"name":"(anonymous_15)","decl":{"start":{"line":180,"column":30},"end":{"line":180,"column":42}},"loc":{"start":{"line":180,"column":42},"end":{"line":201,"column":null}},"line":180},"16":{"name":"(anonymous_16)","decl":{"start":{"line":203,"column":19},"end":{"line":203,"column":26}},"loc":{"start":{"line":203,"column":51},"end":{"line":241,"column":null}},"line":203},"17":{"name":"(anonymous_17)","decl":{"start":{"line":243,"column":28},"end":{"line":243,"column":35}},"loc":{"start":{"line":243,"column":64},"end":{"line":255,"column":null}},"line":243},"18":{"name":"(anonymous_18)","decl":{"start":{"line":259,"column":21},"end":{"line":259,"column":22}},"loc":{"start":{"line":260,"column":4},"end":{"line":266,"column":null}},"line":260},"19":{"name":"(anonymous_19)","decl":{"start":{"line":298,"column":29},"end":{"line":298,"column":35}},"loc":{"start":{"line":298,"column":35},"end":{"line":298,"column":null}},"line":298},"20":{"name":"(anonymous_20)","decl":{"start":{"line":315,"column":34},"end":{"line":315,"column":35}},"loc":{"start":{"line":315,"column":41},"end":{"line":315,"column":null}},"line":315},"21":{"name":"(anonymous_21)","decl":{"start":{"line":333,"column":33},"end":{"line":333,"column":39}},"loc":{"start":{"line":333,"column":39},"end":{"line":333,"column":null}},"line":333},"22":{"name":"(anonymous_22)","decl":{"start":{"line":351,"column":30},"end":{"line":351,"column":31}},"loc":{"start":{"line":351,"column":37},"end":{"line":351,"column":null}},"line":351},"23":{"name":"(anonymous_23)","decl":{"start":{"line":382,"column":32},"end":{"line":382,"column":33}},"loc":{"start":{"line":382,"column":39},"end":{"line":382,"column":null}},"line":382},"24":{"name":"(anonymous_24)","decl":{"start":{"line":383,"column":33},"end":{"line":383,"column":34}},"loc":{"start":{"line":383,"column":40},"end":{"line":383,"column":null}},"line":383},"25":{"name":"(anonymous_25)","decl":{"start":{"line":438,"column":53},"end":{"line":438,"column":59}},"loc":{"start":{"line":438,"column":59},"end":{"line":438,"column":null}},"line":438},"26":{"name":"(anonymous_26)","decl":{"start":{"line":438,"column":75},"end":{"line":438,"column":76}},"loc":{"start":{"line":438,"column":82},"end":{"line":438,"column":84}},"line":438}},"branchMap":{"0":{"loc":{"start":{"line":56,"column":235},"end":{"line":56,"column":277}},"type":"cond-expr","locations":[{"start":{"line":56,"column":249},"end":{"line":56,"column":275}},{"start":{"line":56,"column":275},"end":{"line":56,"column":277}}],"line":56},"1":{"loc":{"start":{"line":79,"column":16},"end":{"line":79,"column":null}},"type":"binary-expr","locations":[{"start":{"line":79,"column":16},"end":{"line":79,"column":74}},{"start":{"line":79,"column":74},"end":{"line":79,"column":null}}],"line":79},"2":{"loc":{"start":{"line":80,"column":29},"end":{"line":80,"column":null}},"type":"binary-expr","locations":[{"start":{"line":80,"column":29},"end":{"line":80,"column":99}},{"start":{"line":80,"column":99},"end":{"line":80,"column":null}}],"line":80},"3":{"loc":{"start":{"line":81,"column":23},"end":{"line":81,"column":null}},"type":"binary-expr","locations":[{"start":{"line":81,"column":23},"end":{"line":81,"column":83}},{"start":{"line":81,"column":83},"end":{"line":81,"column":null}}],"line":81},"4":{"loc":{"start":{"line":103,"column":2},"end":{"line":107,"column":null}},"type":"if","locations":[{"start":{"line":103,"column":2},"end":{"line":107,"column":null}},{"start":{},"end":{}}],"line":103},"5":{"loc":{"start":{"line":103,"column":6},"end":{"line":103,"column":55}},"type":"binary-expr","locations":[{"start":{"line":103,"column":6},"end":{"line":103,"column":27}},{"start":{"line":103,"column":27},"end":{"line":103,"column":55}}],"line":103},"6":{"loc":{"start":{"line":125,"column":8},"end":{"line":130,"column":null}},"type":"if","locations":[{"start":{"line":125,"column":8},"end":{"line":130,"column":null}},{"start":{},"end":{}}],"line":125},"7":{"loc":{"start":{"line":132,"column":8},"end":{"line":141,"column":null}},"type":"if","locations":[{"start":{"line":132,"column":8},"end":{"line":141,"column":null}},{"start":{},"end":{}}],"line":132},"8":{"loc":{"start":{"line":139,"column":23},"end":{"line":139,"column":null}},"type":"binary-expr","locations":[{"start":{"line":139,"column":23},"end":{"line":139,"column":45}},{"start":{"line":139,"column":45},"end":{"line":139,"column":null}}],"line":139},"9":{"loc":{"start":{"line":157,"column":4},"end":{"line":157,"column":null}},"type":"if","locations":[{"start":{"line":157,"column":4},"end":{"line":157,"column":null}},{"start":{},"end":{}}],"line":157},"10":{"loc":{"start":{"line":157,"column":8},"end":{"line":157,"column":40}},"type":"binary-expr","locations":[{"start":{"line":157,"column":8},"end":{"line":157,"column":25}},{"start":{"line":157,"column":25},"end":{"line":157,"column":40}}],"line":157},"11":{"loc":{"start":{"line":171,"column":35},"end":{"line":171,"column":76}},"type":"if","locations":[{"start":{"line":171,"column":35},"end":{"line":171,"column":76}},{"start":{},"end":{}}],"line":171},"12":{"loc":{"start":{"line":176,"column":4},"end":{"line":176,"column":null}},"type":"if","locations":[{"start":{"line":176,"column":4},"end":{"line":176,"column":null}},{"start":{},"end":{}}],"line":176},"13":{"loc":{"start":{"line":177,"column":4},"end":{"line":177,"column":null}},"type":"if","locations":[{"start":{"line":177,"column":4},"end":{"line":177,"column":null}},{"start":{},"end":{}}],"line":177},"14":{"loc":{"start":{"line":182,"column":4},"end":{"line":185,"column":null}},"type":"if","locations":[{"start":{"line":182,"column":4},"end":{"line":185,"column":null}},{"start":{},"end":{}}],"line":182},"15":{"loc":{"start":{"line":190,"column":6},"end":{"line":193,"column":null}},"type":"if","locations":[{"start":{"line":190,"column":6},"end":{"line":193,"column":null}},{"start":{},"end":{}}],"line":190},"16":{"loc":{"start":{"line":208,"column":6},"end":{"line":211,"column":null}},"type":"if","locations":[{"start":{"line":208,"column":6},"end":{"line":211,"column":null}},{"start":{},"end":{}}],"line":208},"17":{"loc":{"start":{"line":208,"column":10},"end":{"line":208,"column":54}},"type":"binary-expr","locations":[{"start":{"line":208,"column":10},"end":{"line":208,"column":22}},{"start":{"line":208,"column":22},"end":{"line":208,"column":54}}],"line":208},"18":{"loc":{"start":{"line":212,"column":6},"end":{"line":215,"column":null}},"type":"if","locations":[{"start":{"line":212,"column":6},"end":{"line":215,"column":null}},{"start":{},"end":{}}],"line":212},"19":{"loc":{"start":{"line":216,"column":53},"end":{"line":216,"column":74}},"type":"binary-expr","locations":[{"start":{"line":216,"column":53},"end":{"line":216,"column":70}},{"start":{"line":216,"column":70},"end":{"line":216,"column":74}}],"line":216},"20":{"loc":{"start":{"line":217,"column":6},"end":{"line":226,"column":null}},"type":"if","locations":[{"start":{"line":217,"column":6},"end":{"line":226,"column":null}},{"start":{},"end":{}}],"line":217},"21":{"loc":{"start":{"line":224,"column":21},"end":{"line":224,"column":null}},"type":"binary-expr","locations":[{"start":{"line":224,"column":21},"end":{"line":224,"column":43}},{"start":{"line":224,"column":43},"end":{"line":224,"column":null}}],"line":224},"22":{"loc":{"start":{"line":230,"column":25},"end":{"line":232,"column":null}},"type":"binary-expr","locations":[{"start":{"line":230,"column":25},"end":{"line":230,"column":null}},{"start":{"line":231,"column":25},"end":{"line":231,"column":null}},{"start":{"line":232,"column":25},"end":{"line":232,"column":null}}],"line":230},"23":{"loc":{"start":{"line":233,"column":6},"end":{"line":237,"column":null}},"type":"if","locations":[{"start":{"line":233,"column":6},"end":{"line":237,"column":null}},{"start":{"line":235,"column":13},"end":{"line":237,"column":null}}],"line":233},"24":{"loc":{"start":{"line":257,"column":27},"end":{"line":257,"column":null}},"type":"binary-expr","locations":[{"start":{"line":257,"column":27},"end":{"line":257,"column":53}},{"start":{"line":257,"column":53},"end":{"line":257,"column":69}},{"start":{"line":257,"column":69},"end":{"line":257,"column":null}}],"line":257},"25":{"loc":{"start":{"line":281,"column":15},"end":{"line":366,"column":null}},"type":"binary-expr","locations":[{"start":{"line":281,"column":15},"end":{"line":281,"column":null}},{"start":{"line":282,"column":16},"end":{"line":366,"column":null}}],"line":281},"26":{"loc":{"start":{"line":307,"column":19},"end":{"line":338,"column":null}},"type":"binary-expr","locations":[{"start":{"line":307,"column":19},"end":{"line":307,"column":null}},{"start":{"line":308,"column":20},"end":{"line":338,"column":null}}],"line":307},"27":{"loc":{"start":{"line":311,"column":23},"end":{"line":311,"column":null}},"type":"binary-expr","locations":[{"start":{"line":311,"column":23},"end":{"line":311,"column":35}},{"start":{"line":311,"column":35},"end":{"line":311,"column":null}}],"line":311},"28":{"loc":{"start":{"line":322,"column":34},"end":{"line":322,"column":null}},"type":"binary-expr","locations":[{"start":{"line":322,"column":34},"end":{"line":322,"column":51}},{"start":{"line":322,"column":51},"end":{"line":322,"column":null}}],"line":322},"29":{"loc":{"start":{"line":324,"column":26},"end":{"line":326,"column":null}},"type":"cond-expr","locations":[{"start":{"line":325,"column":30},"end":{"line":325,"column":null}},{"start":{"line":326,"column":30},"end":{"line":326,"column":null}}],"line":324},"30":{"loc":{"start":{"line":324,"column":26},"end":{"line":324,"column":null}},"type":"binary-expr","locations":[{"start":{"line":324,"column":26},"end":{"line":324,"column":42}},{"start":{"line":324,"column":42},"end":{"line":324,"column":null}}],"line":324},"31":{"loc":{"start":{"line":329,"column":25},"end":{"line":329,"column":null}},"type":"cond-expr","locations":[{"start":{"line":329,"column":37},"end":{"line":329,"column":52}},{"start":{"line":329,"column":52},"end":{"line":329,"column":null}}],"line":329},"32":{"loc":{"start":{"line":358,"column":30},"end":{"line":358,"column":null}},"type":"binary-expr","locations":[{"start":{"line":358,"column":30},"end":{"line":358,"column":52}},{"start":{"line":358,"column":52},"end":{"line":358,"column":null}}],"line":358},"33":{"loc":{"start":{"line":370,"column":15},"end":{"line":406,"column":null}},"type":"binary-expr","locations":[{"start":{"line":370,"column":15},"end":{"line":370,"column":null}},{"start":{"line":371,"column":16},"end":{"line":406,"column":null}}],"line":370},"34":{"loc":{"start":{"line":383,"column":42},"end":{"line":383,"column":88}},"type":"if","locations":[{"start":{"line":383,"column":42},"end":{"line":383,"column":88}},{"start":{},"end":{}}],"line":383},"35":{"loc":{"start":{"line":385,"column":165},"end":{"line":385,"column":253}},"type":"cond-expr","locations":[{"start":{"line":385,"column":178},"end":{"line":385,"column":218}},{"start":{"line":385,"column":218},"end":{"line":385,"column":253}}],"line":385},"36":{"loc":{"start":{"line":388,"column":21},"end":{"line":391,"column":null}},"type":"binary-expr","locations":[{"start":{"line":388,"column":21},"end":{"line":388,"column":null}},{"start":{"line":389,"column":22},"end":{"line":391,"column":null}}],"line":388},"37":{"loc":{"start":{"line":394,"column":19},"end":{"line":396,"column":null}},"type":"cond-expr","locations":[{"start":{"line":395,"column":22},"end":{"line":395,"column":null}},{"start":{"line":396,"column":22},"end":{"line":396,"column":null}}],"line":394},"38":{"loc":{"start":{"line":400,"column":30},"end":{"line":400,"column":null}},"type":"binary-expr","locations":[{"start":{"line":400,"column":30},"end":{"line":400,"column":52}},{"start":{"line":400,"column":52},"end":{"line":400,"column":null}}],"line":400},"39":{"loc":{"start":{"line":403,"column":21},"end":{"line":403,"column":null}},"type":"cond-expr","locations":[{"start":{"line":403,"column":39},"end":{"line":403,"column":101}},{"start":{"line":403,"column":101},"end":{"line":403,"column":null}}],"line":403},"40":{"loc":{"start":{"line":410,"column":15},"end":{"line":454,"column":null}},"type":"binary-expr","locations":[{"start":{"line":410,"column":15},"end":{"line":410,"column":null}},{"start":{"line":411,"column":16},"end":{"line":454,"column":null}}],"line":410},"41":{"loc":{"start":{"line":417,"column":19},"end":{"line":420,"column":null}},"type":"binary-expr","locations":[{"start":{"line":417,"column":19},"end":{"line":417,"column":null}},{"start":{"line":418,"column":20},"end":{"line":420,"column":null}}],"line":417},"42":{"loc":{"start":{"line":432,"column":30},"end":{"line":432,"column":null}},"type":"cond-expr","locations":[{"start":{"line":432,"column":45},"end":{"line":432,"column":54}},{"start":{"line":432,"column":54},"end":{"line":432,"column":null}}],"line":432},"43":{"loc":{"start":{"line":435,"column":148},"end":{"line":435,"column":220}},"type":"cond-expr","locations":[{"start":{"line":435,"column":166},"end":{"line":435,"column":185}},{"start":{"line":435,"column":185},"end":{"line":435,"column":220}}],"line":435},"44":{"loc":{"start":{"line":441,"column":25},"end":{"line":441,"column":null}},"type":"cond-expr","locations":[{"start":{"line":441,"column":40},"end":{"line":441,"column":73}},{"start":{"line":441,"column":73},"end":{"line":441,"column":null}}],"line":441},"45":{"loc":{"start":{"line":444,"column":21},"end":{"line":444,"column":null}},"type":"binary-expr","locations":[{"start":{"line":444,"column":21},"end":{"line":444,"column":40}},{"start":{"line":444,"column":40},"end":{"line":444,"column":null}}],"line":444},"46":{"loc":{"start":{"line":449,"column":23},"end":{"line":449,"column":null}},"type":"cond-expr","locations":[{"start":{"line":449,"column":38},"end":{"line":449,"column":112}},{"start":{"line":449,"column":112},"end":{"line":449,"column":null}}],"line":449}},"s":{"0":1,"1":63,"2":1,"3":63,"4":1,"5":63,"6":1,"7":126,"8":3,"9":1,"10":0,"11":1,"12":12,"13":1,"14":296,"15":296,"16":296,"17":296,"18":296,"19":296,"20":296,"21":296,"22":296,"23":296,"24":296,"25":296,"26":296,"27":296,"28":296,"29":296,"30":296,"31":296,"32":296,"33":296,"34":296,"35":26,"36":0,"37":0,"38":0,"39":26,"40":26,"41":26,"42":26,"43":26,"44":26,"45":26,"46":296,"47":2,"48":2,"49":2,"50":2,"51":2,"52":0,"53":0,"54":0,"55":0,"56":2,"57":2,"58":2,"59":2,"60":0,"61":2,"62":0,"63":0,"64":296,"65":0,"66":0,"67":0,"68":0,"69":0,"70":0,"71":0,"72":0,"73":0,"74":0,"75":296,"76":15,"77":15,"78":296,"79":3,"80":3,"81":3,"82":2,"83":2,"84":3,"85":1,"86":296,"87":12,"88":12,"89":1,"90":1,"91":11,"92":11,"93":11,"94":11,"95":10,"96":1,"97":1,"98":9,"99":9,"100":1,"101":11,"102":296,"103":5,"104":5,"105":5,"106":5,"107":3,"108":1,"109":1,"110":2,"111":0,"112":0,"113":2,"114":5,"115":2,"116":2,"117":2,"118":2,"119":2,"120":1,"121":1,"122":5,"123":296,"124":3,"125":3,"126":3,"127":3,"128":2,"129":2,"130":0,"131":2,"132":296,"133":296,"134":233,"135":296,"136":2,"137":0,"138":0,"139":0,"140":0,"141":0,"142":189,"143":189,"144":189,"145":0,"146":0,"147":0},"f":{"0":63,"1":63,"2":63,"3":126,"4":3,"5":0,"6":12,"7":296,"8":26,"9":26,"10":2,"11":0,"12":0,"13":15,"14":3,"15":12,"16":5,"17":3,"18":233,"19":2,"20":0,"21":0,"22":0,"23":189,"24":189,"25":0,"26":0},"b":{"0":[63,63],"1":[296,296],"2":[296,296],"3":[296,296],"4":[0,26],"5":[26,0],"6":[0,2],"7":[2,0],"8":[2,2],"9":[0,0],"10":[0,0],"11":[15,0],"12":[2,1],"13":[1,2],"14":[1,11],"15":[1,9],"16":[1,2],"17":[3,3],"18":[0,2],"19":[2,0],"20":[2,3],"21":[2,2],"22":[2,2,1],"23":[1,1],"24":[296,291,291],"25":[296,63],"26":[63,0],"27":[0,0],"28":[0,0],"29":[0,0],"30":[0,0],"31":[0,0],"32":[63,0],"33":[296,219],"34":[0,189],"35":[2,217],"36":[219,2],"37":[2,217],"38":[219,204],"39":[11,208],"40":[296,14],"41":[14,1],"42":[0,14],"43":[0,14],"44":[0,14],"45":[14,0],"46":[0,14]},"meta":{"lastBranch":47,"lastFunction":27,"lastStatement":148,"seen":{"s:17:29:23:Infinity":0,"f:17:29:17:Infinity":0,"s:18:2:23:Infinity":1,"s:26:28:29:Infinity":2,"f:26:28:26:Infinity":1,"s:27:2:29:Infinity":3,"s:32:31:35:Infinity":4,"f:32:31:32:Infinity":2,"s:33:2:35:Infinity":5,"s:49:50:60:Infinity":6,"f:49:50:49:51":3,"s:52:2:60:Infinity":7,"f:55:13:55:19":4,"s:55:19:55:Infinity":8,"b:56:249:56:275:56:275:56:277":0,"s:63:29:69:Infinity":9,"f:63:29:63:Infinity":5,"s:64:2:69:Infinity":10,"s:73:21:73:Infinity":11,"f:73:21:73:22":6,"s:73:38:73:Infinity":12,"s:75:29:468:Infinity":13,"f:75:29:75:35":7,"s:76:8:76:Infinity":14,"s:77:8:77:Infinity":15,"s:78:8:78:Infinity":16,"s:79:16:79:Infinity":17,"b:79:16:79:74:79:74:79:Infinity":1,"s:80:29:80:Infinity":18,"b:80:29:80:99:80:99:80:Infinity":2,"s:81:23:81:Infinity":19,"b:81:23:81:83:81:83:81:Infinity":3,"s:83:22:83:Infinity":20,"s:84:34:84:Infinity":21,"s:85:34:85:Infinity":22,"s:86:38:86:Infinity":23,"s:87:30:87:Infinity":24,"s:88:38:88:Infinity":25,"s:89:40:89:Infinity":26,"s:90:44:90:Infinity":27,"s:91:38:91:Infinity":28,"s:92:46:92:Infinity":29,"s:93:38:93:Infinity":30,"s:94:32:94:Infinity":31,"s:96:8:96:Infinity":32,"s:98:73:100:Infinity":33,"s:102:2:116:Infinity":34,"f:102:12:102:18":8,"b:103:2:107:Infinity:undefined:undefined:undefined:undefined":4,"s:103:2:107:Infinity":35,"b:103:6:103:27:103:27:103:55":5,"s:104:4:104:Infinity":36,"s:105:4:105:Infinity":37,"s:106:4:106:Infinity":38,"s:108:2:115:Infinity":39,"f:108:9:108:15":9,"s:109:4:109:Infinity":40,"s:110:4:110:Infinity":41,"s:111:4:111:Infinity":42,"s:112:4:112:Infinity":43,"s:113:4:113:Infinity":44,"s:114:4:114:Infinity":45,"s:119:8:154:Infinity":46,"f:120:15:120:22":10,"s:121:6:121:Infinity":47,"s:122:6:122:Infinity":48,"s:123:6:147:Infinity":49,"s:124:20:124:Infinity":50,"b:125:8:130:Infinity:undefined:undefined:undefined:undefined":6,"s:125:8:130:Infinity":51,"s:126:10:126:Infinity":52,"s:127:10:127:Infinity":53,"s:128:10:128:Infinity":54,"s:129:10:129:Infinity":55,"s:131:8:131:Infinity":56,"b:132:8:141:Infinity:undefined:undefined:undefined:undefined":7,"s:132:8:141:Infinity":57,"s:133:10:140:Infinity":58,"b:139:23:139:45:139:45:139:Infinity":8,"s:142:8:142:Infinity":59,"s:144:8:144:Infinity":60,"s:146:8:146:Infinity":61,"f:149:13:149:19":11,"s:150:6:150:Infinity":62,"s:151:6:151:Infinity":63,"s:156:27:169:Infinity":64,"f:156:27:156:39":12,"b:157:4:157:Infinity:undefined:undefined:undefined:undefined":9,"s:157:4:157:Infinity":65,"b:157:8:157:25:157:25:157:40":10,"s:157:40:157:Infinity":66,"s:158:4:158:Infinity":67,"s:159:4:159:Infinity":68,"s:160:4:168:Infinity":69,"s:161:18:161:Infinity":70,"s:162:6:162:Infinity":71,"s:163:6:163:Infinity":72,"s:165:6:165:Infinity":73,"s:167:6:167:Infinity":74,"s:171:27:171:Infinity":75,"f:171:27:171:33":13,"b:171:35:171:76:undefined:undefined:undefined:undefined":11,"s:171:35:171:76":76,"s:171:58:171:76":77,"s:173:21:178:Infinity":78,"f:173:21:173:27":14,"s:174:4:174:Infinity":79,"s:175:4:175:Infinity":80,"b:176:4:176:Infinity:undefined:undefined:undefined:undefined":12,"s:176:4:176:Infinity":81,"s:176:28:176:47":82,"s:176:47:176:66":83,"b:177:4:177:Infinity:undefined:undefined:undefined:undefined":13,"s:177:4:177:Infinity":84,"s:177:31:177:49":85,"s:180:30:201:Infinity":86,"f:180:30:180:42":15,"s:181:18:181:Infinity":87,"b:182:4:185:Infinity:undefined:undefined:undefined:undefined":14,"s:182:4:185:Infinity":88,"s:183:6:183:Infinity":89,"s:184:6:184:Infinity":90,"s:186:4:186:Infinity":91,"s:187:4:187:Infinity":92,"s:188:4:200:Infinity":93,"s:189:21:189:Infinity":94,"b:190:6:193:Infinity:undefined:undefined:undefined:undefined":15,"s:190:6:193:Infinity":95,"s:191:8:191:Infinity":96,"s:192:8:192:Infinity":97,"s:194:6:194:Infinity":98,"s:195:6:195:Infinity":99,"s:197:6:197:Infinity":100,"s:199:6:199:Infinity":101,"s:203:19:241:Infinity":102,"f:203:19:203:26":16,"s:204:4:204:Infinity":103,"s:205:4:205:Infinity":104,"s:206:4:240:Infinity":105,"s:207:18:207:Infinity":106,"b:208:6:211:Infinity:undefined:undefined:undefined:undefined":16,"s:208:6:211:Infinity":107,"b:208:10:208:22:208:22:208:54":17,"s:209:8:209:Infinity":108,"s:210:8:210:Infinity":109,"b:212:6:215:Infinity:undefined:undefined:undefined:undefined":18,"s:212:6:215:Infinity":110,"s:213:8:213:Infinity":111,"s:214:8:214:Infinity":112,"s:216:6:216:Infinity":113,"b:216:53:216:70:216:70:216:74":19,"b:217:6:226:Infinity:undefined:undefined:undefined:undefined":20,"s:217:6:226:Infinity":114,"s:218:8:225:Infinity":115,"b:224:21:224:43:224:43:224:Infinity":21,"s:227:6:227:Infinity":116,"s:229:12:229:Infinity":117,"s:230:25:232:Infinity":118,"b:230:25:230:Infinity:231:25:231:Infinity:232:25:232:Infinity":22,"b:233:6:237:Infinity:235:13:237:Infinity":23,"s:233:6:237:Infinity":119,"s:234:8:234:Infinity":120,"s:236:8:236:Infinity":121,"s:239:6:239:Infinity":122,"s:243:28:255:Infinity":123,"f:243:28:243:35":17,"s:244:4:244:Infinity":124,"s:245:4:245:Infinity":125,"s:246:4:254:Infinity":126,"s:247:18:247:Infinity":127,"s:248:6:248:Infinity":128,"s:249:6:249:Infinity":129,"s:251:6:251:Infinity":130,"s:253:6:253:Infinity":131,"s:257:27:257:Infinity":132,"b:257:27:257:53:257:53:257:69:257:69:257:Infinity":24,"s:259:21:266:Infinity":133,"f:259:21:259:22":18,"s:260:4:266:Infinity":134,"s:269:2:466:Infinity":135,"b:281:15:281:Infinity:282:16:366:Infinity":25,"f:298:29:298:35":19,"s:298:35:298:Infinity":136,"b:307:19:307:Infinity:308:20:338:Infinity":26,"b:311:23:311:35:311:35:311:Infinity":27,"f:315:34:315:35":20,"s:315:41:315:Infinity":137,"b:322:34:322:51:322:51:322:Infinity":28,"b:325:30:325:Infinity:326:30:326:Infinity":29,"b:324:26:324:42:324:42:324:Infinity":30,"b:329:37:329:52:329:52:329:Infinity":31,"f:333:33:333:39":21,"s:333:41:333:69":138,"s:333:69:333:90":139,"s:333:90:333:109":140,"f:351:30:351:31":22,"s:351:37:351:Infinity":141,"b:358:30:358:52:358:52:358:Infinity":32,"b:370:15:370:Infinity:371:16:406:Infinity":33,"f:382:32:382:33":23,"s:382:41:382:72":142,"s:382:72:382:93":143,"f:383:33:383:34":24,"b:383:42:383:88:undefined:undefined:undefined:undefined":34,"s:383:42:383:88":144,"s:383:65:383:88":145,"b:385:178:385:218:385:218:385:253":35,"b:388:21:388:Infinity:389:22:391:Infinity":36,"b:395:22:395:Infinity:396:22:396:Infinity":37,"b:400:30:400:52:400:52:400:Infinity":38,"b:403:39:403:101:403:101:403:Infinity":39,"b:410:15:410:Infinity:411:16:454:Infinity":40,"b:417:19:417:Infinity:418:20:420:Infinity":41,"b:432:45:432:54:432:54:432:Infinity":42,"b:435:166:435:185:435:185:435:220":43,"f:438:53:438:59":25,"s:438:59:438:Infinity":146,"f:438:75:438:76":26,"s:438:82:438:84":147,"b:441:40:441:73:441:73:441:Infinity":44,"b:444:21:444:40:444:40:444:Infinity":45,"b:449:38:449:112:449:112:449:Infinity":46}}}
,"C:\\Users\\Asma\\Desktop\\software\\Project\\soundcloud-team8-frontend\\src\\features\\auth\\pages\\SignUpPage.tsx": {"path":"C:\\Users\\Asma\\Desktop\\software\\Project\\soundcloud-team8-frontend\\src\\features\\auth\\pages\\SignUpPage.tsx","statementMap":{"0":{"start":{"line":14,"column":29},"end":{"line":20,"column":null}},"1":{"start":{"line":15,"column":2},"end":{"line":20,"column":null}},"2":{"start":{"line":23,"column":15},"end":{"line":26,"column":null}},"3":{"start":{"line":27,"column":13},"end":{"line":27,"column":null}},"4":{"start":{"line":27,"column":50},"end":{"line":27,"column":55}},"5":{"start":{"line":28,"column":6},"end":{"line":28,"column":null}},"6":{"start":{"line":29,"column":14},"end":{"line":29,"column":null}},"7":{"start":{"line":29,"column":52},"end":{"line":29,"column":72}},"8":{"start":{"line":33,"column":29},"end":{"line":374,"column":null}},"9":{"start":{"line":34,"column":8},"end":{"line":34,"column":null}},"10":{"start":{"line":35,"column":8},"end":{"line":35,"column":null}},"11":{"start":{"line":36,"column":24},"end":{"line":36,"column":null}},"12":{"start":{"line":38,"column":34},"end":{"line":38,"column":null}},"13":{"start":{"line":39,"column":38},"end":{"line":39,"column":null}},"14":{"start":{"line":40,"column":30},"end":{"line":40,"column":null}},"15":{"start":{"line":41,"column":38},"end":{"line":41,"column":null}},"16":{"start":{"line":42,"column":40},"end":{"line":42,"column":null}},"17":{"start":{"line":44,"column":29},"end":{"line":44,"column":null}},"18":{"start":{"line":45,"column":36},"end":{"line":45,"column":null}},"19":{"start":{"line":46,"column":46},"end":{"line":46,"column":null}},"20":{"start":{"line":47,"column":30},"end":{"line":47,"column":null}},"21":{"start":{"line":48,"column":26},"end":{"line":48,"column":null}},"22":{"start":{"line":49,"column":28},"end":{"line":49,"column":null}},"23":{"start":{"line":50,"column":26},"end":{"line":50,"column":null}},"24":{"start":{"line":53,"column":4},"end":{"line":57,"column":null}},"25":{"start":{"line":60,"column":4},"end":{"line":65,"column":null}},"26":{"start":{"line":68,"column":60},"end":{"line":71,"column":null}},"27":{"start":{"line":73,"column":2},"end":{"line":75,"column":null}},"28":{"start":{"line":74,"column":4},"end":{"line":74,"column":null}},"29":{"start":{"line":74,"column":19},"end":{"line":74,"column":28}},"30":{"start":{"line":78,"column":34},"end":{"line":89,"column":null}},"31":{"start":{"line":79,"column":4},"end":{"line":79,"column":null}},"32":{"start":{"line":80,"column":4},"end":{"line":88,"column":null}},"33":{"start":{"line":81,"column":6},"end":{"line":81,"column":null}},"34":{"start":{"line":82,"column":4},"end":{"line":88,"column":null}},"35":{"start":{"line":83,"column":6},"end":{"line":83,"column":null}},"36":{"start":{"line":84,"column":4},"end":{"line":88,"column":null}},"37":{"start":{"line":85,"column":6},"end":{"line":85,"column":null}},"38":{"start":{"line":87,"column":6},"end":{"line":87,"column":null}},"39":{"start":{"line":91,"column":33},"end":{"line":110,"column":null}},"40":{"start":{"line":92,"column":4},"end":{"line":92,"column":null}},"41":{"start":{"line":92,"column":26},"end":{"line":92,"column":null}},"42":{"start":{"line":93,"column":4},"end":{"line":93,"column":null}},"43":{"start":{"line":94,"column":4},"end":{"line":94,"column":null}},"44":{"start":{"line":95,"column":4},"end":{"line":109,"column":null}},"45":{"start":{"line":96,"column":27},"end":{"line":96,"column":null}},"46":{"start":{"line":97,"column":6},"end":{"line":103,"column":null}},"47":{"start":{"line":98,"column":23},"end":{"line":98,"column":null}},"48":{"start":{"line":99,"column":8},"end":{"line":102,"column":null}},"49":{"start":{"line":100,"column":10},"end":{"line":100,"column":null}},"50":{"start":{"line":101,"column":10},"end":{"line":101,"column":null}},"51":{"start":{"line":104,"column":6},"end":{"line":104,"column":null}},"52":{"start":{"line":106,"column":6},"end":{"line":106,"column":null}},"53":{"start":{"line":108,"column":6},"end":{"line":108,"column":null}},"54":{"start":{"line":112,"column":32},"end":{"line":138,"column":null}},"55":{"start":{"line":113,"column":4},"end":{"line":113,"column":null}},"56":{"start":{"line":113,"column":25},"end":{"line":113,"column":null}},"57":{"start":{"line":114,"column":4},"end":{"line":114,"column":null}},"58":{"start":{"line":115,"column":4},"end":{"line":115,"column":null}},"59":{"start":{"line":116,"column":4},"end":{"line":137,"column":null}},"60":{"start":{"line":117,"column":20},"end":{"line":117,"column":null}},"61":{"start":{"line":118,"column":18},"end":{"line":118,"column":null}},"62":{"start":{"line":119,"column":22},"end":{"line":119,"column":null}},"63":{"start":{"line":122,"column":25},"end":{"line":122,"column":null}},"64":{"start":{"line":124,"column":6},"end":{"line":130,"column":null}},"65":{"start":{"line":132,"column":6},"end":{"line":132,"column":null}},"66":{"start":{"line":134,"column":6},"end":{"line":134,"column":null}},"67":{"start":{"line":136,"column":6},"end":{"line":136,"column":null}},"68":{"start":{"line":140,"column":22},"end":{"line":140,"column":null}},"69":{"start":{"line":142,"column":2},"end":{"line":372,"column":null}},"70":{"start":{"line":158,"column":37},"end":{"line":158,"column":null}},"71":{"start":{"line":195,"column":39},"end":{"line":195,"column":null}},"72":{"start":{"line":202,"column":37},"end":{"line":202,"column":null}},"73":{"start":{"line":202,"column":60},"end":{"line":202,"column":62}},"74":{"start":{"line":218,"column":24},"end":{"line":229,"column":null}},"75":{"start":{"line":256,"column":39},"end":{"line":256,"column":66}},"76":{"start":{"line":256,"column":66},"end":{"line":256,"column":85}},"77":{"start":{"line":279,"column":43},"end":{"line":279,"column":null}},"78":{"start":{"line":295,"column":68},"end":{"line":295,"column":97}},"79":{"start":{"line":298,"column":30},"end":{"line":298,"column":null}},"80":{"start":{"line":304,"column":66},"end":{"line":304,"column":93}},"81":{"start":{"line":307,"column":30},"end":{"line":307,"column":null}},"82":{"start":{"line":313,"column":67},"end":{"line":313,"column":95}},"83":{"start":{"line":316,"column":30},"end":{"line":316,"column":null}},"84":{"start":{"line":330,"column":43},"end":{"line":330,"column":null}}},"fnMap":{"0":{"name":"(anonymous_0)","decl":{"start":{"line":14,"column":29},"end":{"line":14,"column":null}},"loc":{"start":{"line":15,"column":2},"end":{"line":20,"column":null}},"line":15},"1":{"name":"(anonymous_1)","decl":{"start":{"line":27,"column":40},"end":{"line":27,"column":41}},"loc":{"start":{"line":27,"column":50},"end":{"line":27,"column":55}},"line":27},"2":{"name":"(anonymous_2)","decl":{"start":{"line":29,"column":42},"end":{"line":29,"column":43}},"loc":{"start":{"line":29,"column":52},"end":{"line":29,"column":72}},"line":29},"3":{"name":"(anonymous_3)","decl":{"start":{"line":33,"column":29},"end":{"line":33,"column":35}},"loc":{"start":{"line":33,"column":35},"end":{"line":374,"column":null}},"line":33},"4":{"name":"(anonymous_4)","decl":{"start":{"line":73,"column":12},"end":{"line":73,"column":18}},"loc":{"start":{"line":73,"column":18},"end":{"line":75,"column":5}},"line":73},"5":{"name":"(anonymous_5)","decl":{"start":{"line":74,"column":11},"end":{"line":74,"column":17}},"loc":{"start":{"line":74,"column":17},"end":{"line":74,"column":null}},"line":74},"6":{"name":"(anonymous_6)","decl":{"start":{"line":78,"column":34},"end":{"line":78,"column":35}},"loc":{"start":{"line":78,"column":51},"end":{"line":89,"column":null}},"line":78},"7":{"name":"(anonymous_7)","decl":{"start":{"line":91,"column":33},"end":{"line":91,"column":45}},"loc":{"start":{"line":91,"column":45},"end":{"line":110,"column":null}},"line":91},"8":{"name":"(anonymous_8)","decl":{"start":{"line":112,"column":32},"end":{"line":112,"column":44}},"loc":{"start":{"line":112,"column":44},"end":{"line":138,"column":null}},"line":112},"9":{"name":"(anonymous_9)","decl":{"start":{"line":158,"column":31},"end":{"line":158,"column":37}},"loc":{"start":{"line":158,"column":37},"end":{"line":158,"column":null}},"line":158},"10":{"name":"(anonymous_10)","decl":{"start":{"line":195,"column":32},"end":{"line":195,"column":33}},"loc":{"start":{"line":195,"column":39},"end":{"line":195,"column":null}},"line":195},"11":{"name":"(anonymous_11)","decl":{"start":{"line":202,"column":31},"end":{"line":202,"column":37}},"loc":{"start":{"line":202,"column":37},"end":{"line":202,"column":null}},"line":202},"12":{"name":"(anonymous_12)","decl":{"start":{"line":202,"column":53},"end":{"line":202,"column":54}},"loc":{"sta
[...]
e":117,"column":24},"end":{"line":120,"column":null}},"51":{"start":{"line":118,"column":2},"end":{"line":118,"column":null}},"52":{"start":{"line":119,"column":2},"end":{"line":119,"column":null}},"53":{"start":{"line":122,"column":24},"end":{"line":125,"column":null}},"54":{"start":{"line":123,"column":14},"end":{"line":123,"column":null}},"55":{"start":{"line":124,"column":2},"end":{"line":124,"column":null}},"56":{"start":{"line":127,"column":27},"end":{"line":127,"column":null}},"57":{"start":{"line":130,"column":23},"end":{"line":133,"column":null}},"58":{"start":{"line":131,"column":14},"end":{"line":131,"column":null}},"59":{"start":{"line":132,"column":2},"end":{"line":132,"column":null}},"60":{"start":{"line":135,"column":26},"end":{"line":138,"column":null}},"61":{"start":{"line":136,"column":14},"end":{"line":136,"column":null}},"62":{"start":{"line":137,"column":2},"end":{"line":137,"column":null}},"63":{"start":{"line":140,"column":28},"end":{"line":140,"column":null}},"64":{"start":{"line":141,"column":26},"end":{"line":141,"column":null}},"65":{"start":{"line":144,"column":19},"end":{"line":147,"column":null}},"66":{"start":{"line":145,"column":2},"end":{"line":145,"column":null}},"67":{"start":{"line":146,"column":2},"end":{"line":146,"column":null}},"68":{"start":{"line":149,"column":19},"end":{"line":155,"column":null}},"69":{"start":{"line":150,"column":8},"end":{"line":150,"column":null}},"70":{"start":{"line":151,"column":2},"end":{"line":153,"column":null}},"71":{"start":{"line":152,"column":4},"end":{"line":152,"column":null}},"72":{"start":{"line":154,"column":2},"end":{"line":154,"column":null}},"73":{"start":{"line":157,"column":22},"end":{"line":157,"column":null}},"74":{"start":{"line":160,"column":27},"end":{"line":163,"column":null}},"75":{"start":{"line":161,"column":2},"end":{"line":161,"column":null}},"76":{"start":{"line":162,"column":2},"end":{"line":162,"column":null}},"77":{"start":{"line":165,"column":27},"end":{"line":168,"column":null}},"78":{"start":{"line":166,"column":14},"end":{"line":166,"column":null}},"79":{"start":{"line":167,"column":2},"end":{"line":167,"column":null}},"80":{"start":{"line":170,"column":30},"end":{"line":170,"column":null}},"81":{"start":{"line":174,"column":26},"end":{"line":177,"column":null}},"82":{"start":{"line":175,"column":2},"end":{"line":175,"column":null}},"83":{"start":{"line":176,"column":2},"end":{"line":176,"column":null}},"84":{"start":{"line":179,"column":26},"end":{"line":194,"column":null}},"85":{"start":{"line":186,"column":14},"end":{"line":192,"column":null}},"86":{"start":{"line":193,"column":2},"end":{"line":193,"column":null}},"87":{"start":{"line":196,"column":29},"end":{"line":196,"column":null}}},"fnMap":{"0":{"name":"(anonymous_0)","decl":{"start":{"line":12,"column":14},"end":{"line":12,"column":15}},"loc":{"start":{"line":12,"column":28},"end":{"line":12,"column":null}},"line":12},"1":{"name":"(anonymous_1)","decl":{"start":{"line":12,"column":40},"end":{"line":12,"column":41}},"loc":{"start":{"line":12,"column":53},"end":{"line":12,"column":76}},"line":12},"2":{"name":"(anonymous_2)","decl":{"start":{"line":29,"column":18},"end":{"line":29,"column":19}},"loc":{"start":{"line":29,"column":69},"end":{"line":33,"column":null}},"line":29},"3":{"name":"(anonymous_3)","decl":{"start":{"line":37,"column":23},"end":{"line":37,"column":30}},"loc":{"start":{"line":37,"column":95},"end":{"line":45,"column":null}},"line":37},"4":{"name":"(anonymous_4)","decl":{"start":{"line":47,"column":23},"end":{"line":47,"column":30}},"loc":{"start":{"line":47,"column":95},"end":{"line":50,"column":null}},"line":47},"5":{"name":"(anonymous_5)","decl":{"start":{"line":56,"column":18},"end":{"line":56,"column":25}},"loc":{"start":{"line":56,"column":71},"end":{"line":65,"column":null}},"line":56},"6":{"name":"(anonymous_6)","decl":{"start":{"line":67,"column":18},"end":{"line":67,"column":25}},"loc":{"start":{"line":67,"column":71},"end":{"line":70,"column":null}},"line":67},"7":{"name":"(anonymous_7)","decl":{"start":{"line":77,"column":21},"end":{"line":77,"column":28}},"loc":{"start":{"line":77,"column":78},"end":{"line":80,"column":null}},"line":77},"8":{"name":"(anonymous_8)","decl":{"start":{"line":82,"column":21},"end":{"line":82,"column":28}},"loc":{"start":{"line":82,"column":77},"end":{"line":85,"column":null}},"line":82},"9":{"name":"(anonymous_9)","decl":{"start":{"line":91,"column":24},"end":{"line":91,"column":31}},"loc":{"start":{"line":91,"column":89},"end":{"line":94,"column":null}},"line":91},"10":{"name":"(anonymous_10)","decl":{"start":{"line":96,"column":24},"end":{"line":96,"column":31}},"loc":{"start":{"line":96,"column":87},"end":{"line":99,"column":null}},"line":96},"11":{"name":"(anonymous_11)","decl":{"start":{"line":104,"column":31},"end":{"line":104,"column":38}},"loc":{"start":{"line":104,"column":87},"end":{"line":107,"column":null}},"line":104},"12":{"name":"(anonymous_12)","decl":{"start":{"line":109,"column":31},"end":{"line":109,"column":38}},"loc":{"start":{"line":109,"column":86},"end":{"line":112,"column":null}},"line":109},"13":{"name":"(anonymous_13)","decl":{"start":{"line":117,"column":24},"end":{"line":117,"column":31}},"loc":{"start":{"line":117,"column":84},"end":{"line":120,"column":null}},"line":117},"14":{"name":"(anonymous_14)","decl":{"start":{"line":122,"column":24},"end":{"line":122,"column":31}},"loc":{"start":{"line":122,"column":83},"end":{"line":125,"column":null}},"line":122},"15":{"name":"(anonymous_15)","decl":{"start":{"line":130,"column":23},"end":{"line":130,"column":30}},"loc":{"start":{"line":130,"column":47},"end":{"line":133,"column":null}},"line":130},"16":{"name":"(anonymous_16)","decl":{"start":{"line":135,"column":26},"end":{"line":135,"column":33}},"loc":{"start":{"line":135,"column":76},"end":{"line":138,"column":null}},"line":135},"17":{"name":"(anonymous_17)","decl":{"start":{"line":144,"column":19},"end":{"line":144,"column":46}},"loc":{"start":{"line":144,"column":46},"end":{"line":147,"column":null}},"line":144},"18":{"name":"(anonymous_18)","decl":{"start":{"line":149,"column":19},"end":{"line":149,"column":46}},"loc":{"start":{"line":149,"column":46},"end":{"line":155,"column":null}},"line":149},"19":{"name":"(anonymous_19)","decl":{"start":{"line":160,"column":27},"end":{"line":160,"column":34}},"loc":{"start":{"line":160,"column":83},"end":{"line":163,"column":null}},"line":160},"20":{"name":"(anonymous_20)","decl":{"start":{"line":165,"column":27},"end":{"line":165,"column":34}},"loc":{"start":{"line":165,"column":82},"end":{"line":168,"column":null}},"line":165},"21":{"name":"(anonymous_21)","decl":{"start":{"line":174,"column":26},"end":{"line":174,"column":33}},"loc":{"start":{"line":174,"column":146},"end":{"line":177,"column":null}},"line":174},"22":{"name":"(anonymous_22)","decl":{"start":{"line":179,"column":26},"end":{"line":179,"column":null}},"loc":{"start":{"line":185,"column":35},"end":{"line":194,"column":null}},"line":185}},"branchMap":{"0":{"loc":{"start":{"line":12,"column":15},"end":{"line":12,"column":28}},"type":"default-arg","locations":[{"start":{"line":12,"column":20},"end":{"line":12,"column":28}}],"line":12},"1":{"loc":{"start":{"line":43,"column":13},"end":{"line":43,"column":null}},"type":"cond-expr","locations":[{"start":{"line":43,"column":22},"end":{"line":43,"column":56}},{"start":{"line":43,"column":56},"end":{"line":43,"column":null}}],"line":43},"2":{"loc":{"start":{"line":52,"column":26},"end":{"line":52,"column":null}},"type":"cond-expr","locations":[{"start":{"line":52,"column":36},"end":{"line":52,"column":53}},{"start":{"line":52,"column":53},"end":{"line":52,"column":null}}],"line":52},"3":{"loc":{"start":{"line":58,"column":2},"end":{"line":60,"column":null}},"type":"if","locations":[{"start":{"line":58,"column":2},"end":{"line":60,"column":null}},{"start":{},"end":{}}],"line":58},"4":{"loc":{"start":{"line":58,"column":6},"end":{"line":58,"column":75}},"type":"binary-expr","locations":[{"start":{"line":58,"column":6},"end":{"line":58,"column":42}},{"start":{"line":58,"column":42},"end":{"line":58,"column":75}}],"line":58},"5":{"loc":{"start":{"line":61,"column":2},"end":{"line":63,"column":null}},"type":"if","locations":[{"start":{"line":61,"column":2},"end":{"line":63,"column":null}},{"start":{},"end":{}}],"line":61},"6":{"loc":{"start":{"line":72,"column":21},"end":{"line":72,"column":null}},"type":"cond-expr","locations":[{"start":{"line":72,"column":31},"end":{"line":72,"column":43}},{"start":{"line":72,"column":43},"end":{"line":72,"column":null}}],"line":72},"7":{"loc":{"start":{"line":87,"column":24},"end":{"line":87,"column":null}},"type":"cond-expr","locations":[{"start":{"line":87,"column":34},"end":{"line":87,"column":49}},{"start":{"line":87,"column":49},"end":{"line":87,"column":null}}],"line":87},"8":{"loc":{"start":{"line":101,"column":27},"end":{"line":101,"column":null}},"type":"cond-expr","locations":[{"start":{"line":101,"column":37},"end":{"line":101,"column":55}},{"start":{"line":101,"column":55},"end":{"line":101,"column":null}}],"line":101},"9":{"loc":{"start":{"line":114,"column":34},"end":{"line":114,"column":null}},"type":"cond-expr","locations":[{"start":{"line":114,"column":44},"end":{"line":114,"column":69}},{"start":{"line":114,"column":69},"end":{"line":114,"column":null}}],"line":114},"10":{"loc":{"start":{"line":127,"column":27},"end":{"line":127,"column":null}},"type":"cond-expr","locations":[{"start":{"line":127,"column":37},"end":{"line":127,"column":55}},{"start":{"line":127,"column":55},"end":{"line":127,"column":null}}],"line":127},"11":{"loc":{"start":{"line":151,"column":2},"end":{"line":153,"column":null}},"type":"if","locations":[{"start":{"line":151,"column":2},"end":{"line":153,"column":null}},{"start":{},"end":{}}],"line":151},"12":{"loc":{"start":{"line":157,"column":22},"end":{"line":157,"column":null}},"type":"cond-expr","locations":[{"start":{"line":157,"column":32},"end":{"line":157,"column":45}},{"start":{"line":157,"column":45},"end":{"line":157,"column":null}}],"line":157},"13":{"loc":{"start":{"line":170,"column":30},"end":{"line":170,"column":null}},"type":"cond-expr","locations":[{"start":{"line":170,"column":40},"end":{"line":170,"column":61}},{"start":{"line":170,"column":61},"end":{"line":170,"column":null}}],"line":170},"14":{"loc":{"start":{"line":184,"column":2},"end":{"line":184,"column":null}},"type":"default-arg","locations":[{"start":{"line":184,"column":15},"end":{"line":184,"column":null}}],"line":184},"15":{"loc":{"start":{"line":196,"column":29},"end":{"line":196,"column":null}},"type":"cond-expr","locations":[{"start":{"line":196,"column":39},"end":{"line":196,"column":59}},{"start":{"line":196,"column":59},"end":{"line":196,"column":null}}],"line":196}},"s":{"0":1,"1":1,"2":0,"3":0,"4":1,"5":1,"6":0,"7":0,"8":0,"9":1,"10":0,"11":0,"12":0,"13":0,"14":1,"15":2,"16":2,"17":1,"18":1,"19":0,"20":0,"21":0,"22":0,"23":0,"24":0,"25":1,"26":2,"27":1,"28":1,"29":1,"30":0,"31":0,"32":1,"33":1,"34":1,"35":1,"36":1,"37":0,"38":0,"39":1,"40":1,"41":1,"42":1,"43":1,"44":0,"45":0,"46":1,"47":1,"48":1,"49":1,"50":1,"51":0,"52":0,"53":1,"54":1,"55":1,"56":1,"57":1,"58":0,"59":0,"60":1,"61":0,"62":0,"63":1,"64":1,"65":1,"66":0,"67":0,"68":1,"69":2,"70":2,"71":1,"72":2,"73":1,"74":1,"75":0,"76":0,"77":1,"78":1,"79":1,"80":1,"81":1,"82":0,"83":0,"84":1,"85":2,"86":2,"87":1},"f":{"0":0,"1":0,"2":0,"3":0,"4":2,"5":0,"6":2,"7":0,"8":1,"9":0,"10":1,"11":0,"12":1,"13":0,"14":1,"15":0,"16":0,"17":0,"18":2,"19":0,"20":1,"21":0,"22":2},"b":{"0":[0],"1":[0,0],"2":[0,1],"3":[0,0],"4":[0,0],"5":[0,0],"6":[0,1],"7":[0,1],"8":[0,1],"9":[0,1],"10":[0,1],"11":[1,1],"12":[0,1],"13":[0,1],"14":[2],"15":[0,1]},"meta":{"lastBranch":16,"lastFunction":23,"lastStatement":88,"seen":{"s:10:16:10:Infinity":0,"s:12:14:12:Infinity":1,"f:12:14:12:15":0,"s:12:28:12:Infinity":2,"b:12:20:12:28":0,"f:12:40:12:41":1,"s:12:53:12:76":3,"s:15:41:27:Infinity":4,"s:29:18:33:Infinity":5,"f:29:18:29:19":2,"s:30:14:30:Infinity":6,"s:31:2:31:Infinity":7,"s:32:2:32:Infinity":8,"s:37:23:45:Infinity":9,"f:37:23:37:30":3,"s:38:2:38:Infinity":10,"s:39:22:39:Infinity":11,"s:40:17:40:Infinity":12,"s:41:2:44:Infinity":13,"b:43:22:43:56:43:56:43:Infinity":1,"s:47:23:50:Infinity":14,"f:47:23:47:30":4,"s:48:14:48:Infinity":15,"s:49:2:49:Infinity":16,"s:52:26:52:Infinity":17,"b:52:36:52:53:52:53:52:Infinity":2,"s:56:18:65:Infinity":18,"f:56:18:56:25":5,"s:57:2:57:Infinity":19,"b:58:2:60:Infinity:undefined:undefined:undefined:undefined":3,"s:58:2:60:Infinity":20,"b:58:6:58:42:58:42:58:75":4,"s:59:4:59:Infinity":21,"b:61:2:63:Infinity:undefined:undefined:undefined:undefined":5,"s:61:2:63:Infinity":22,"s:62:4:62:Infinity":23,"s:64:2:64:Infinity":24,"s:67:18:70:Infinity":25,"f:67:18:67:25":6,"s:68:14:68:Infinity":26,"s:69:2:69:Infinity":27,"s:72:21:72:Infinity":28,"b:72:31:72:43:72:43:72:Infinity":6,"s:77:21:80:Infinity":29,"f:77:21:77:28":7,"s:78:2:78:Infinity":30,"s:79:2:79:Infinity":31,"s:82:21:85:Infinity":32,"f:82:21:82:28":8,"s:83:14:83:Infinity":33,"s:84:2:84:Infinity":34,"s:87:24:87:Infinity":35,"b:87:34:87:49:87:49:87:Infinity":7,"s:91:24:94:Infinity":36,"f:91:24:91:31":9,"s:92:2:92:Infinity":37,"s:93:2:93:Infinity":38,"s:96:24:99:Infinity":39,"f:96:24:96:31":10,"s:97:14:97:Infinity":40,"s:98:2:98:Infinity":41,"s:101:27:101:Infinity":42,"b:101:37:101:55:101:55:101:Infinity":8,"s:104:31:107:Infinity":43,"f:104:31:104:38":11,"s:105:2:105:Infinity":44,"s:106:2:106:Infinity":45,"s:109:31:112:Infinity":46,"f:109:31:109:38":12,"s:110:14:110:Infinity":47,"s:111:2:111:Infinity":48,"s:114:34:114:Infinity":49,"b:114:44:114:69:114:69:114:Infinity":9,"s:117:24:120:Infinity":50,"f:117:24:117:31":13,"s:118:2:118:Infinity":51,"s:119:2:119:Infinity":52,"s:122:24:125:Infinity":53,"f:122:24:122:31":14,"s:123:14:123:Infinity":54,"s:124:2:124:Infinity":55,"s:127:27:127:Infinity":56,"b:127:37:127:55:127:55:127:Infinity":10,"s:130:23:133:Infinity":57,"f:130:23:130:30":15,"s:131:14:131:Infinity":58,"s:132:2:132:Infinity":59,"s:135:26:138:Infinity":60,"f:135:26:135:33":16,"s:136:14:136:Infinity":61,"s:137:2:137:Infinity":62,"s:140:28:140:Infinity":63,"s:141:26:141:Infinity":64,"s:144:19:147:Infinity":65,"f:144:19:144:46":17,"s:145:2:145:Infinity":66,"s:146:2:146:Infinity":67,"s:149:19:155:Infinity":68,"f:149:19:149:46":18,"s:150:8:150:Infinity":69,"b:151:2:153:Infinity:undefined:undefined:undefined:undefined":11,"s:151:2:153:Infinity":70,"s:152:4:152:Infinity":71,"s:154:2:154:Infinity":72,"s:157:22:157:Infinity":73,"b:157:32:157:45:157:45:157:Infinity":12,"s:160:27:163:Infinity":74,"f:160:27:160:34":19,"s:161:2:161:Infinity":75,"s:162:2:162:Infinity":76,"s:165:27:168:Infinity":77,"f:165:27:165:34":20,"s:166:14:166:Infinity":78,"s:167:2:167:Infinity":79,"s:170:30:170:Infinity":80,"b:170:40:170:61:170:61:170:Infinity":13,"s:174:26:177:Infinity":81,"f:174:26:174:33":21,"s:175:2:175:Infinity":82,"s:176:2:176:Infinity":83,"s:179:26:194:Infinity":84,"f:179:26:179:Infinity":22,"b:184:15:184:Infinity":14,"s:186:14:192:Infinity":85,"s:193:2:193:Infinity":86,"s:196:29:196:Infinity":87,"b:196:39:196:59:196:59:196:Infinity":15}}}
,"C:\\Users\\Asma\\Desktop\\software\\Project\\soundcloud-team8-frontend\\src\\features\\auth\\utils\\token.utils.ts": {"path":"C:\\Users\\Asma\\Desktop\\software\\Project\\soundcloud-team8-frontend\\src\\features\\auth\\utils\\token.utils.ts","statementMap":{"0":{"start":{"line":2,"column":25},"end":{"line":2,"column":null}},"1":{"start":{"line":3,"column":26},"end":{"line":3,"column":null}},"2":{"start":{"line":8,"column":27},"end":{"line":19,"column":null}},"3":{"start":{"line":13,"column":2},"end":{"line":13,"column":null}},"4":{"start":{"line":14,"column":2},"end":{"line":14,"column":null}},"5":{"start":{"line":16,"column":17},"end":{"line":16,"column":null}},"6":{"start":{"line":17,"column":20},"end":{"line":17,"column":null}},"7":{"start":{"line":18,"column":2},"end":{"line":18,"column":null}},"8":{"start":{"line":21,"column":30},"end":{"line":22,"column":null}},"9":{"start":{"line":22,"column":2},"end":{"line":22,"column":null}},"10":{"start":{"line":24,"column":31},"end":{"line":25,"column":null}},"11":{"start":{"line":25,"column":2},"end":{"line":25,"column":null}},"12":{"start":{"line":28,"column":27},"end":{"line":32,"column":null}},"13":{"start":{"line":29,"column":2},"end":{"line":29,"column":null}},"14":{"start":{"line":30,"column":2},"end":{"line":30,"column":null}},"15":{"start":{"line":31,"column":2},"end":{"line":31,"column":null}},"16":{"start":{"line":35,"column":25},"end":{"line":36,"column":null}},"17":{"start":{"line":36,"column":2},"end":{"line":36,"column":null}},"18":{"start":{"line":39,"column":36},"end":{"line":43,"column":null}},"19":{"start":{"line":40,"column":20},"end":{"line":40,"column":null}},"20":{"start":{"line":41,"column":2},"end":{"line":41,"column":null}},"21":{"start":{"line":41,"column":18},"end":{"line":41,"column":null}},"22":{"start":{"line":42,"column":2},"end":{"line":42,"column":null}}},"fnMap":{"0":{"name":"(anonymous_0)","decl":{"start":{"line":8,"column":27},"end":{"line":8,"column":null}},"loc":{"start":{"line":12,"column":11},"end":{"line":19,"column":null}},"line":12},"1":{"name":"(anonymous_1)","decl":{"start":{"line":21,"column":30},"end":{"line":21,"column":null}},"loc":{"start":{"line":22,"column":2},"end":{"line":22,"column":null}},"line":22},"2":{"name":"(anonymous_2)","decl":{"start":{"line":24,"column":31},"end":{"line":24,"column":null}},"loc":{"start":{"line":25,"column":2},"end":{"line":25,"column":null}},"line":25},"3":{"name":"(anonymous_3)","decl":{"start":{"line":28,"column":27},"end":{"line":28,"column":39}},"loc":{"start":{"line":28,"column":39},"end":{"line":32,"column":null}},"line":28},"4":{"name":"(anonymous_4)","decl":{"start":{"line":35,"column":25},"end":{"line":35,"column":null}},"loc":{"start":{"line":36,"column":2},"end":{"line":36,"column":null}},"line":36},"5":{"name":"(anonymous_5)","decl":{"start":{"line":39,"column":36},"end":{"line":39,"column":51}},"loc":{"start":{"line":39,"column":51},"end":{"line":43,"column":null}},"line":39}},"branchMap":{"0":{"loc":{"start":{"line":16,"column":17},"end":{"line":16,"column":null}},"type":"binary-expr","locations":[{"start":{"line":16,"column":17},"end":{"line":16,"column":30}},{"start":{"line":16,"column":30},"end":{"line":16,"column":null}}],"line":16},"1":{"loc":{"start":{"line":36,"column":5},"end":{"line":36,"column":null}},"type":"binary-expr","locations":[{"start":{"line":36,"column":5},"end":{"line":36,"column":25}},{"start":{"line":36,"column":25},"end":{"line":36,"column":null}}],"line":36},"2":{"loc":{"start":{"line":41,"column":2},"end":{"line":41,"column":null}},"type":"if","locations":[{"start":{"line":41,"column":2},"end":{"line":41,"column":null}},{"start":{},"end":{}}],"line":41}},"s":{"0":1,"1":1,"2":1,"3":20,"4":20,"5":20,"6":20,"7":20,"8":1,"9":7,"10":1,"11":7,"12":1,"13":8,"14":8,"15":8,"16":1,"17":0,"18":1,"19":0,"20":0,"21":0,"22":0},"f":{"0":20,"1":7,"2":7,"3":8,"4":0,"5":0},"b":{"0":[20,0],"1":[0,0],"2":[0,0]},"meta":{"lastBranch":3,"lastFunction":6,"lastStatement":23,"seen":{"s:2:25:2:Infinity":0,"s:3:26:3:Infinity":1,"s:8:27:19:Infinity":2,"f:8:27:8:Infinity":0,"s:13:2:13:Infinity":3,"s:14:2:14:Infinity":4,"s:16:17:16:Infinity":5,"b:16:17:16:30:16:30:16:Infinity":0,"s:17:20:17:Infinity":6,"s:18:2:18:Infinity":7,"s:21:30:22:Infinity":8,"f:21:30:21:Infinity":1,"s:22:2:22:Infinity":9,"s:24:31:25:Infinity":10,"f:24:31:24:Infinity":2,"s:25:2:25:Infinity":11,"s:28:27:32:Infinity":12,"f:28:27:28:39":3,"s:29:2:29:Infinity":13,"s:30:2:30:Infinity":14,"s:31:2:31:Infinity":15,"s:35:25:36:Infinity":16,"f:35:25:35:Infinity":4,"s:36:2:36:Infinity":17,"b:36:5:36:25:36:25:36:Infinity":1,"s:39:36:43:Infinity":18,"f:39:36:39:51":5,"s:40:20:40:Infinity":19,"b:41:2:41:Infinity:undefined:undefined:undefined:undefined":2,"s:41:2:41:Infinity":20,"s:41:18:41:Infinity":21,"s:42:2:42:Infinity":22}}}
}
